#! /usr/local/iverilog/bin/vvp
:ivl_version "11.0 (devel)" "(s20150603-642-g3bdb50da)";
:ivl_delay_selection "TYPICAL";
:vpi_time_precision + 0;
:vpi_module "system";
:vpi_module "vhdl_sys";
:vpi_module "vhdl_textio";
:vpi_module "v2005_math";
:vpi_module "va_math";
S_00000000010c1ba0 .scope module, "testbench" "testbench" 2 8;
 .timescale 0 0;
v000000000112c770_0 .var "a1", 0 0;
v000000000112da30_0 .var "a2", 0 0;
v000000000112d350_0 .var "a3", 0 0;
v000000000112d530_0 .var "i1", 0 0;
v000000000112d5d0_0 .var "i2", 0 0;
v000000000112dc10_0 .var "i3", 0 0;
v000000000112de90_0 .var "i4", 0 0;
v000000000113b780_0 .var "i5", 0 0;
v000000000113b640_0 .var "i6", 0 0;
v000000000113b820_0 .var "i7", 0 0;
v000000000113a740_0 .var "i8", 0 0;
v000000000113be60_0 .net "led1", 0 0, L_00000000010be890;  1 drivers
v000000000113ae20_0 .net "led10", 0 0, L_0000000001142bd0;  1 drivers
v000000000113bc80_0 .net "led11", 0 0, L_0000000001142fc0;  1 drivers
v000000000113b6e0_0 .net "led2", 0 0, L_00000000010bea50;  1 drivers
v000000000113aa60_0 .net "led3", 0 0, L_00000000010be970;  1 drivers
v000000000113b960_0 .net "led4", 0 0, L_00000000010beba0;  1 drivers
v000000000113b8c0_0 .net "led5", 0 0, L_000000000113e190;  1 drivers
v000000000113ba00_0 .net "led6", 0 0, L_000000000113fd70;  1 drivers
v000000000113baa0_0 .net "led7", 0 0, L_000000000113f6e0;  1 drivers
v000000000113bb40_0 .net "led8", 0 0, L_000000000113f8a0;  1 drivers
v000000000113bbe0_0 .net "led9", 0 0, L_00000000011423f0;  1 drivers
v000000000113ace0_0 .var "p1", 0 0;
v000000000113bd20_0 .var "p2", 0 0;
v000000000113a600_0 .var "p3", 0 0;
v000000000113b460_0 .var "p4", 0 0;
v000000000113bfa0_0 .var "p5", 0 0;
v000000000113af60_0 .var "p6", 0 0;
S_00000000010c9f10 .scope module, "AL1" "alarma_sop" 2 35, 3 117 0, S_00000000010c1ba0;
 .timescale 0 0;
    .port_info 0 /INPUT 1 "A";
    .port_info 1 /INPUT 1 "B";
    .port_info 2 /INPUT 1 "C";
    .port_info 3 /OUTPUT 1 "Y";
L_000000000113f910 .functor NOT 1, v000000000112da30_0, C4<0>, C4<0>, C4<0>;
L_000000000113f980 .functor AND 1, v000000000112c770_0, L_000000000113f910, C4<1>, C4<1>;
L_000000000113fde0 .functor NOT 1, v000000000112d350_0, C4<0>, C4<0>, C4<0>;
L_000000000113fad0 .functor AND 1, L_000000000113f980, L_000000000113fde0, C4<1>, C4<1>;
L_000000000113f210 .functor NOT 1, v000000000112da30_0, C4<0>, C4<0>, C4<0>;
L_000000000113fe50 .functor AND 1, v000000000112c770_0, L_000000000113f210, C4<1>, C4<1>;
L_000000000113fec0 .functor AND 1, L_000000000113fe50, v000000000112d350_0, C4<1>, C4<1>;
L_000000000113f2f0 .functor OR 1, L_000000000113fad0, L_000000000113fec0, C4<0>, C4<0>;
L_000000000113f360 .functor AND 1, v000000000112c770_0, v000000000112da30_0, C4<1>, C4<1>;
L_0000000001142b60 .functor AND 1, L_000000000113f360, v000000000112d350_0, C4<1>, C4<1>;
L_00000000011423f0 .functor OR 1, L_000000000113f2f0, L_0000000001142b60, C4<0>, C4<0>;
v00000000010baed0_0 .net "A", 0 0, v000000000112c770_0;  1 drivers
v00000000010bb010_0 .net "B", 0 0, v000000000112da30_0;  1 drivers
v00000000010ba890_0 .net "C", 0 0, v000000000112d350_0;  1 drivers
v00000000010ba430_0 .net "Y", 0 0, L_00000000011423f0;  alias, 1 drivers
v00000000010bb3d0_0 .net *"_s0", 0 0, L_000000000113f910;  1 drivers
v00000000010bbe70_0 .net *"_s10", 0 0, L_000000000113fe50;  1 drivers
v00000000010ba6b0_0 .net *"_s12", 0 0, L_000000000113fec0;  1 drivers
v00000000010bbf10_0 .net *"_s14", 0 0, L_000000000113f2f0;  1 drivers
v00000000010bbfb0_0 .net *"_s16", 0 0, L_000000000113f360;  1 drivers
v00000000010bc050_0 .net *"_s18", 0 0, L_0000000001142b60;  1 drivers
v00000000010baf70_0 .net *"_s2", 0 0, L_000000000113f980;  1 drivers
v00000000010ba610_0 .net *"_s4", 0 0, L_000000000113fde0;  1 drivers
v00000000010ba930_0 .net *"_s6", 0 0, L_000000000113fad0;  1 drivers
v00000000010bb150_0 .net *"_s8", 0 0, L_000000000113f210;  1 drivers
S_00000000010d6ab0 .scope module, "AL2" "alarma_pos" 2 36, 3 124 0, S_00000000010c1ba0;
 .timescale 0 0;
    .port_info 0 /INPUT 1 "A";
    .port_info 1 /INPUT 1 "B";
    .port_info 2 /INPUT 1 "C";
    .port_info 3 /OUTPUT 1 "Y";
L_0000000001142a80 .functor OR 1, v000000000112c770_0, v000000000112da30_0, C4<0>, C4<0>;
L_0000000001142230 .functor OR 1, L_0000000001142a80, v000000000112d350_0, C4<0>, C4<0>;
L_0000000001142d90 .functor OR 1, v000000000112c770_0, v000000000112da30_0, C4<0>, C4<0>;
L_00000000011427e0 .functor NOT 1, v000000000112d350_0, C4<0>, C4<0>, C4<0>;
L_0000000001142150 .functor OR 1, L_0000000001142d90, L_00000000011427e0, C4<0>, C4<0>;
L_0000000001142c40 .functor AND 1, L_0000000001142230, L_0000000001142150, C4<1>, C4<1>;
L_0000000001142310 .functor NOT 1, v000000000112da30_0, C4<0>, C4<0>, C4<0>;
L_0000000001142af0 .functor OR 1, v000000000112c770_0, L_0000000001142310, C4<0>, C4<0>;
L_0000000001142540 .functor OR 1, L_0000000001142af0, v000000000112d350_0, C4<0>, C4<0>;
L_0000000001142cb0 .functor AND 1, L_0000000001142c40, L_0000000001142540, C4<1>, C4<1>;
L_0000000001142620 .functor NOT 1, v000000000112da30_0, C4<0>, C4<0>, C4<0>;
L_0000000001142d20 .functor OR 1, v000000000112c770_0, L_0000000001142620, C4<0>, C4<0>;
L_0000000001142e00 .functor NOT 1, v000000000112d350_0, C4<0>, C4<0>, C4<0>;
L_0000000001142e70 .functor OR 1, L_0000000001142d20, L_0000000001142e00, C4<0>, C4<0>;
L_0000000001142380 .functor AND 1, L_0000000001142cb0, L_0000000001142e70, C4<1>, C4<1>;
L_0000000001142ee0 .functor NOT 1, v000000000112c770_0, C4<0>, C4<0>, C4<0>;
L_0000000001142f50 .functor NOT 1, v000000000112da30_0, C4<0>, C4<0>, C4<0>;
L_00000000011429a0 .functor OR 1, L_0000000001142ee0, L_0000000001142f50, C4<0>, C4<0>;
L_0000000001142460 .functor OR 1, L_00000000011429a0, v000000000112d350_0, C4<0>, C4<0>;
L_0000000001142bd0 .functor AND 1, L_0000000001142380, L_0000000001142460, C4<1>, C4<1>;
v00000000010bb510_0 .net "A", 0 0, v000000000112c770_0;  alias, 1 drivers
v0000000001128610_0 .net "B", 0 0, v000000000112da30_0;  alias, 1 drivers
v0000000001128f70_0 .net "C", 0 0, v000000000112d350_0;  alias, 1 drivers
v0000000001128b10_0 .net "Y", 0 0, L_0000000001142bd0;  alias, 1 drivers
v0000000001129d30_0 .net *"_s0", 0 0, L_0000000001142a80;  1 drivers
v0000000001129010_0 .net *"_s10", 0 0, L_0000000001142c40;  1 drivers
v0000000001129150_0 .net *"_s12", 0 0, L_0000000001142310;  1 drivers
v00000000011286b0_0 .net *"_s14", 0 0, L_0000000001142af0;  1 drivers
v00000000011282f0_0 .net *"_s16", 0 0, L_0000000001142540;  1 drivers
v00000000011287f0_0 .net *"_s18", 0 0, L_0000000001142cb0;  1 drivers
v00000000011289d0_0 .net *"_s2", 0 0, L_0000000001142230;  1 drivers
v0000000001128890_0 .net *"_s20", 0 0, L_0000000001142620;  1 drivers
v0000000001128250_0 .net *"_s22", 0 0, L_0000000001142d20;  1 drivers
v0000000001129650_0 .net *"_s24", 0 0, L_0000000001142e00;  1 drivers
v0000000001128ed0_0 .net *"_s26", 0 0, L_0000000001142e70;  1 drivers
v0000000001128a70_0 .net *"_s28", 0 0, L_0000000001142380;  1 drivers
v0000000001129c90_0 .net *"_s30", 0 0, L_0000000001142ee0;  1 drivers
v00000000011295b0_0 .net *"_s32", 0 0, L_0000000001142f50;  1 drivers
v0000000001129470_0 .net *"_s34", 0 0, L_00000000011429a0;  1 drivers
v00000000011298d0_0 .net *"_s36", 0 0, L_0000000001142460;  1 drivers
v0000000001129510_0 .net *"_s4", 0 0, L_0000000001142d90;  1 drivers
v0000000001128930_0 .net *"_s6", 0 0, L_00000000011427e0;  1 drivers
v0000000001129290_0 .net *"_s8", 0 0, L_0000000001142150;  1 drivers
S_00000000010d7100 .scope module, "AL3" "alarma_k" 2 37, 3 131 0, S_00000000010c1ba0;
 .timescale 0 0;
    .port_info 0 /INPUT 1 "A";
    .port_info 1 /INPUT 1 "B";
    .port_info 2 /INPUT 1 "C";
    .port_info 3 /OUTPUT 1 "Y";
L_00000000011424d0 .functor NOT 1, v000000000112da30_0, C4<0>, C4<0>, C4<0>;
L_00000000011425b0 .functor OR 1, L_00000000011424d0, v000000000112d350_0, C4<0>, C4<0>;
L_0000000001142fc0 .functor AND 1, v000000000112c770_0, L_00000000011425b0, C4<1>, C4<1>;
v0000000001128750_0 .net "A", 0 0, v000000000112c770_0;  alias, 1 drivers
v0000000001129330_0 .net "B", 0 0, v000000000112da30_0;  alias, 1 drivers
v0000000001128bb0_0 .net "C", 0 0, v000000000112d350_0;  alias, 1 drivers
v00000000011296f0_0 .net "Y", 0 0, L_0000000001142fc0;  alias, 1 drivers
v0000000001128e30_0 .net "notB", 0 0, L_00000000011424d0;  1 drivers
v00000000011290b0_0 .net "or1", 0 0, L_00000000011425b0;  1 drivers
S_0000000001080a10 .scope module, "G1" "gateLevel_1" 2 24, 3 15 0, S_00000000010c1ba0;
 .timescale 0 0;
    .port_info 0 /INPUT 1 "A";
    .port_info 1 /INPUT 1 "B";
    .port_info 2 /INPUT 1 "C";
    .port_info 3 /OUTPUT 1 "Y";
L_00000000010be430 .functor NOT 1, v000000000113ace0_0, C4<0>, C4<0>, C4<0>;
L_00000000010be740 .functor NOT 1, v000000000113bd20_0, C4<0>, C4<0>, C4<0>;
L_00000000010bf230 .functor NOT 1, v000000000113a600_0, C4<0>, C4<0>, C4<0>;
L_00000000010be660 .functor OR 1, v000000000113ace0_0, L_00000000010bf230, C4<0>, C4<0>;
L_00000000010be900 .functor OR 1, L_00000000010be430, L_00000000010be740, v000000000113a600_0, C4<0>;
L_00000000010be890 .functor AND 1, L_00000000010be660, L_00000000010be900, C4<1>, C4<1>;
v0000000001128c50_0 .net "A", 0 0, v000000000113ace0_0;  1 drivers
v0000000001129bf0_0 .net "B", 0 0, v000000000113bd20_0;  1 drivers
v0000000001129790_0 .net "C", 0 0, v000000000113a600_0;  1 drivers
v0000000001128cf0_0 .net "Y", 0 0, L_00000000010be890;  alias, 1 drivers
v00000000011293d0_0 .net "notA", 0 0, L_00000000010be430;  1 drivers
v00000000011291f0_0 .net "notB", 0 0, L_00000000010be740;  1 drivers
v0000000001128110_0 .net "notC", 0 0, L_00000000010bf230;  1 drivers
v0000000001129dd0_0 .net "or1", 0 0, L_00000000010be660;  1 drivers
v0000000001128570_0 .net "or2", 0 0, L_00000000010be900;  1 drivers
S_0000000001080ba0 .scope module, "G2" "gateLevel_2" 2 25, 3 38 0, S_00000000010c1ba0;
 .timescale 0 0;
    .port_info 0 /INPUT 1 "A";
    .port_info 1 /INPUT 1 "B";
    .port_info 2 /INPUT 1 "C";
    .port_info 3 /OUTPUT 1 "Y";
L_00000000010bea50 .functor NOT 1, v000000000113bd20_0, C4<0>, C4<0>, C4<0>;
v0000000001129970_0 .net "A", 0 0, v000000000113ace0_0;  alias, 1 drivers
v0000000001128d90_0 .net "B", 0 0, v000000000113bd20_0;  alias, 1 drivers
v0000000001129830_0 .net "C", 0 0, v000000000113a600_0;  alias, 1 drivers
v00000000011284d0_0 .net "Y", 0 0, L_00000000010bea50;  alias, 1 drivers
S_000000000107e530 .scope module, "G3" "gateLevel_3" 2 26, 3 50 0, S_00000000010c1ba0;
 .timescale 0 0;
    .port_info 0 /INPUT 1 "A";
    .port_info 1 /INPUT 1 "B";
    .port_info 2 /INPUT 1 "C";
    .port_info 3 /OUTPUT 1 "Y";
L_00000000010bee40 .functor NOT 1, v000000000113bfa0_0, C4<0>, C4<0>, C4<0>;
L_00000000010be970 .functor OR 1, L_00000000010bee40, v000000000113af60_0, C4<0>, C4<0>;
v0000000001128390_0 .net "A", 0 0, v000000000113b460_0;  1 drivers
v0000000001129a10_0 .net "B", 0 0, v000000000113bfa0_0;  1 drivers
v0000000001129ab0_0 .net "C", 0 0, v000000000113af60_0;  1 drivers
v0000000001129b50_0 .net "Y", 0 0, L_00000000010be970;  alias, 1 drivers
v0000000001129e70_0 .net "notB", 0 0, L_00000000010bee40;  1 drivers
S_000000000107e6c0 .scope module, "G4" "gateLevel_4" 2 27, 3 66 0, S_00000000010c1ba0;
 .timescale 0 0;
    .port_info 0 /INPUT 1 "A";
    .port_info 1 /INPUT 1 "B";
    .port_info 2 /INPUT 1 "C";
    .port_info 3 /OUTPUT 1 "Y";
L_00000000010bec80 .functor NOT 1, v000000000113b460_0, C4<0>, C4<0>, C4<0>;
L_00000000010beeb0 .functor NOT 1, v000000000113af60_0, C4<0>, C4<0>, C4<0>;
L_00000000010be9e0 .functor OR 1, L_00000000010bec80, v000000000113bfa0_0, C4<0>, C4<0>;
L_00000000010bef20 .functor OR 1, v000000000113bfa0_0, L_00000000010beeb0, C4<0>, C4<0>;
L_00000000010beba0 .functor AND 1, L_00000000010be9e0, L_00000000010bef20, C4<1>, C4<1>;
v0000000001129f10_0 .net "A", 0 0, v000000000113b460_0;  alias, 1 drivers
v00000000011281b0_0 .net "B", 0 0, v000000000113bfa0_0;  alias, 1 drivers
v0000000001128070_0 .net "C", 0 0, v000000000113af60_0;  alias, 1 drivers
v0000000001128430_0 .net "Y", 0 0, L_00000000010beba0;  alias, 1 drivers
v000000000112b480_0 .net "notA", 0 0, L_00000000010bec80;  1 drivers
v000000000112b340_0 .net "notC", 0 0, L_00000000010beeb0;  1 drivers
v000000000112a8a0_0 .net "or1", 0 0, L_00000000010be9e0;  1 drivers
v000000000112a080_0 .net "or2", 0 0, L_00000000010bef20;  1 drivers
S_000000000107d050 .scope module, "OP1" "operadores_1" 2 30, 3 88 0, S_00000000010c1ba0;
 .timescale 0 0;
    .port_info 0 /INPUT 1 "A";
    .port_info 1 /INPUT 1 "B";
    .port_info 2 /INPUT 1 "C";
    .port_info 3 /INPUT 1 "D";
    .port_info 4 /OUTPUT 1 "Y";
L_00000000010becf0 .functor NOT 1, v000000000112d530_0, C4<0>, C4<0>, C4<0>;
L_00000000010bf0e0 .functor NOT 1, v000000000112d5d0_0, C4<0>, C4<0>, C4<0>;
L_00000000010bf000 .functor AND 1, L_00000000010becf0, L_00000000010bf0e0, C4<1>, C4<1>;
L_00000000010be5f0 .functor NOT 1, v000000000112dc10_0, C4<0>, C4<0>, C4<0>;
L_00000000010bf2a0 .functor AND 1, L_00000000010bf000, L_00000000010be5f0, C4<1>, C4<1>;
L_00000000010be6d0 .functor NOT 1, v000000000112de90_0, C4<0>, C4<0>, C4<0>;
L_00000000010bed60 .functor AND 1, L_00000000010bf2a0, L_00000000010be6d0, C4<1>, C4<1>;
L_00000000010beac0 .functor NOT 1, v000000000112d530_0, C4<0>, C4<0>, C4<0>;
L_00000000010be3c0 .functor NOT 1, v000000000112d5d0_0, C4<0>, C4<0>, C4<0>;
L_00000000010bf070 .functor AND 1, L_00000000010beac0, L_00000000010be3c0, C4<1>, C4<1>;
L_00000000010bec10 .functor AND 1, L_00000000010bf070, v000000000112dc10_0, C4<1>, C4<1>;
L_00000000010bedd0 .functor AND 1, L_00000000010bec10, v000000000112de90_0, C4<1>, C4<1>;
L_000000000113e580 .functor OR 1, L_00000000010bed60, L_00000000010bedd0, C4<0>, C4<0>;
L_000000000113e660 .functor NOT 1, v000000000112d530_0, C4<0>, C4<0>, C4<0>;
L_000000000113e4a0 .functor AND 1, L_000000000113e660, v000000000112d5d0_0, C4<1>, C4<1>;
L_000000000113eeb0 .functor NOT 1, v000000000112dc10_0, C4<0>, C4<0>, C4<0>;
L_000000000113e510 .functor AND 1, L_000000000113e4a0, L_000000000113eeb0, C4<1>, C4<1>;
L_000000000113f000 .functor AND 1, L_000000000113e510, v000000000112de90_0, C4<1>, C4<1>;
L_000000000113e350 .functor OR 1, L_000000000113e580, L_000000000113f000, C4<0>, C4<0>;
L_000000000113ec10 .functor NOT 1, v000000000112d530_0, C4<0>, C4<0>, C4<0>;
L_000000000113e900 .functor AND 1, L_000000000113ec10, v000000000112d5d0_0, C4<1>, C4<1>;
L_000000000113e970 .functor AND 1, L_000000000113e900, v000000000112dc10_0, C4<1>, C4<1>;
L_000000000113eb30 .functor NOT 1, v000000000112de90_0, C4<0>, C4<0>, C4<0>;
L_000000000113e200 .functor AND 1, L_000000000113e970, L_000000000113eb30, C4<1>, C4<1>;
L_000000000113ef90 .functor OR 1, L_000000000113e350, L_000000000113e200, C4<0>, C4<0>;
L_000000000113e6d0 .functor AND 1, v000000000112d530_0, v000000000112d5d0_0, C4<1>, C4<1>;
L_000000000113e270 .functor NOT 1, v000000000112dc10_0, C4<0>, C4<0>, C4<0>;
L_000000000113e2e0 .functor AND 1, L_000000000113e6d0, L_000000000113e270, C4<1>, C4<1>;
L_000000000113ed60 .functor NOT 1, v000000000112de90_0, C4<0>, C4<0>, C4<0>;
L_000000000113e890 .functor AND 1, L_000000000113e2e0, L_000000000113ed60, C4<1>, C4<1>;
L_000000000113eba0 .functor OR 1, L_000000000113ef90, L_000000000113e890, C4<0>, C4<0>;
L_000000000113eac0 .functor AND 1, v000000000112d530_0, v000000000112d5d0_0, C4<1>, C4<1>;
L_000000000113e5f0 .functor AND 1, L_000000000113eac0, v000000000112dc10_0, C4<1>, C4<1>;
L_000000000113e3c0 .functor AND 1, L_000000000113e5f0, v000000000112de90_0, C4<1>, C4<1>;
L_000000000113ecf0 .functor OR 1, L_000000000113eba0, L_000000000113e3c0, C4<0>, C4<0>;
L_000000000113e430 .functor NOT 1, v000000000112d5d0_0, C4<0>, C4<0>, C4<0>;
L_000000000113e740 .functor AND 1, v000000000112d530_0, L_000000000113e430, C4<1>, C4<1>;
L_000000000113e7b0 .functor NOT 1, v000000000112dc10_0, C4<0>, C4<0>, C4<0>;
L_000000000113e820 .functor AND 1, L_000000000113e740, L_000000000113e7b0, C4<1>, C4<1>;
L_000000000113e9e0 .functor AND 1, L_000000000113e820, v000000000112de90_0, C4<1>, C4<1>;
L_000000000113ec80 .functor OR 1, L_000000000113ecf0, L_000000000113e9e0, C4<0>, C4<0>;
L_000000000113ea50 .functor NOT 1, v000000000112d5d0_0, C4<0>, C4<0>, C4<0>;
L_000000000113edd0 .functor AND 1, v000000000112d530_0, L_000000000113ea50, C4<1>, C4<1>;
L_000000000113ee40 .functor AND 1, L_000000000113edd0, v000000000112dc10_0, C4<1>, C4<1>;
L_000000000113ef20 .functor NOT 1, v000000000112de90_0, C4<0>, C4<0>, C4<0>;
L_000000000113e120 .functor AND 1, L_000000000113ee40, L_000000000113ef20, C4<1>, C4<1>;
L_000000000113e190 .functor OR 1, L_000000000113ec80, L_000000000113e120, C4<0>, C4<0>;
v000000000112b200_0 .net "A", 0 0, v000000000112d530_0;  1 drivers
v000000000112a760_0 .net "B", 0 0, v000000000112d5d0_0;  1 drivers
v000000000112a940_0 .net "C", 0 0, v000000000112dc10_0;  1 drivers
v000000000112bac0_0 .net "D", 0 0, v000000000112de90_0;  1 drivers
v000000000112af80_0 .net "Y", 0 0, L_000000000113e190;  alias, 1 drivers
v000000000112bde0_0 .net *"_s0", 0 0, L_00000000010becf0;  1 drivers
v000000000112b840_0 .net *"_s10", 0 0, L_00000000010be6d0;  1 drivers
v000000000112bca0_0 .net *"_s12", 0 0, L_00000000010bed60;  1 drivers
v000000000112a9e0_0 .net *"_s14", 0 0, L_00000000010beac0;  1 drivers
v000000000112a800_0 .net *"_s16", 0 0, L_00000000010be3c0;  1 drivers
v000000000112b8e0_0 .net *"_s18", 0 0, L_00000000010bf070;  1 drivers
v000000000112b7a0_0 .net *"_s2", 0 0, L_00000000010bf0e0;  1 drivers
v000000000112a580_0 .net *"_s20", 0 0, L_00000000010bec10;  1 drivers
v000000000112ad00_0 .net *"_s22", 0 0, L_00000000010bedd0;  1 drivers
v000000000112b660_0 .net *"_s24", 0 0, L_000000000113e580;  1 drivers
v000000000112b520_0 .net *"_s26", 0 0, L_000000000113e660;  1 drivers
v000000000112b3e0_0 .net *"_s28", 0 0, L_000000000113e4a0;  1 drivers
v000000000112be80_0 .net *"_s30", 0 0, L_000000000113eeb0;  1 drivers
v000000000112aa80_0 .net *"_s32", 0 0, L_000000000113e510;  1 drivers
v000000000112a620_0 .net *"_s34", 0 0, L_000000000113f000;  1 drivers
v000000000112b5c0_0 .net *"_s36", 0 0, L_000000000113e350;  1 drivers
v000000000112bc00_0 .net *"_s38", 0 0, L_000000000113ec10;  1 drivers
v000000000112a6c0_0 .net *"_s4", 0 0, L_00000000010bf000;  1 drivers
v000000000112ada0_0 .net *"_s40", 0 0, L_000000000113e900;  1 drivers
v000000000112b0c0_0 .net *"_s42", 0 0, L_000000000113e970;  1 drivers
v000000000112ab20_0 .net *"_s44", 0 0, L_000000000113eb30;  1 drivers
v000000000112bf20_0 .net *"_s46", 0 0, L_000000000113e200;  1 drivers
v000000000112aee0_0 .net *"_s48", 0 0, L_000000000113ef90;  1 drivers
v000000000112ac60_0 .net *"_s50", 0 0, L_000000000113e6d0;  1 drivers
v000000000112abc0_0 .net *"_s52", 0 0, L_000000000113e270;  1 drivers
v000000000112ae40_0 .net *"_s54", 0 0, L_000000000113e2e0;  1 drivers
v000000000112b020_0 .net *"_s56", 0 0, L_000000000113ed60;  1 drivers
v000000000112a300_0 .net *"_s58", 0 0, L_000000000113e890;  1 drivers
v000000000112b700_0 .net *"_s6", 0 0, L_00000000010be5f0;  1 drivers
v000000000112b160_0 .net *"_s60", 0 0, L_000000000113eba0;  1 drivers
v000000000112b2a0_0 .net *"_s62", 0 0, L_000000000113eac0;  1 drivers
v000000000112bd40_0 .net *"_s64", 0 0, L_000000000113e5f0;  1 drivers
v000000000112b980_0 .net *"_s66", 0 0, L_000000000113e3c0;  1 drivers
v000000000112ba20_0 .net *"_s68", 0 0, L_000000000113ecf0;  1 drivers
v000000000112bb60_0 .net *"_s70", 0 0, L_000000000113e430;  1 drivers
v000000000112a120_0 .net *"_s72", 0 0, L_000000000113e740;  1 drivers
v000000000112a1c0_0 .net *"_s74", 0 0, L_000000000113e7b0;  1 drivers
v000000000112a260_0 .net *"_s76", 0 0, L_000000000113e820;  1 drivers
v000000000112a3a0_0 .net *"_s78", 0 0, L_000000000113e9e0;  1 drivers
v000000000112a440_0 .net *"_s8", 0 0, L_00000000010bf2a0;  1 drivers
v000000000112a4e0_0 .net *"_s80", 0 0, L_000000000113ec80;  1 drivers
v000000000112cdb0_0 .net *"_s82", 0 0, L_000000000113ea50;  1 drivers
v000000000112c090_0 .net *"_s84", 0 0, L_000000000113edd0;  1 drivers
v000000000112ce50_0 .net *"_s86", 0 0, L_000000000113ee40;  1 drivers
v000000000112c130_0 .net *"_s88", 0 0, L_000000000113ef20;  1 drivers
v000000000112db70_0 .net *"_s90", 0 0, L_000000000113e120;  1 drivers
S_0000000001077b50 .scope module, "OP2" "operadores_2" 2 31, 3 95 0, S_00000000010c1ba0;
 .timescale 0 0;
    .port_info 0 /INPUT 1 "A";
    .port_info 1 /INPUT 1 "B";
    .port_info 2 /INPUT 1 "C";
    .port_info 3 /INPUT 1 "D";
    .port_info 4 /OUTPUT 1 "Y";
L_000000000113f280 .functor NOT 1, v000000000112d530_0, C4<0>, C4<0>, C4<0>;
L_000000000113fb40 .functor OR 1, L_000000000113f280, v000000000112d5d0_0, C4<0>, C4<0>;
L_000000000113f440 .functor OR 1, L_000000000113fb40, v000000000112dc10_0, C4<0>, C4<0>;
L_000000000113f3d0 .functor NOT 1, v000000000112de90_0, C4<0>, C4<0>, C4<0>;
L_000000000113ff30 .functor OR 1, L_000000000113f440, L_000000000113f3d0, C4<0>, C4<0>;
L_000000000113fd70 .functor AND 1, v000000000112d530_0, L_000000000113ff30, C4<1>, C4<1>;
v000000000112cbd0_0 .net "A", 0 0, v000000000112d530_0;  alias, 1 drivers
v000000000112dd50_0 .net "B", 0 0, v000000000112d5d0_0;  alias, 1 drivers
v000000000112c590_0 .net "C", 0 0, v000000000112dc10_0;  alias, 1 drivers
v000000000112d3f0_0 .net "D", 0 0, v000000000112de90_0;  alias, 1 drivers
v000000000112d210_0 .net "Y", 0 0, L_000000000113fd70;  alias, 1 drivers
v000000000112c270_0 .net *"_s0", 0 0, L_000000000113f280;  1 drivers
v000000000112c630_0 .net *"_s2", 0 0, L_000000000113fb40;  1 drivers
v000000000112cf90_0 .net *"_s4", 0 0, L_000000000113f440;  1 drivers
v000000000112c8b0_0 .net *"_s6", 0 0, L_000000000113f3d0;  1 drivers
v000000000112c6d0_0 .net *"_s8", 0 0, L_000000000113ff30;  1 drivers
S_0000000001077ce0 .scope module, "OP3" "operadores_3" 2 32, 3 102 0, S_00000000010c1ba0;
 .timescale 0 0;
    .port_info 0 /INPUT 1 "A";
    .port_info 1 /INPUT 1 "B";
    .port_info 2 /INPUT 1 "C";
    .port_info 3 /INPUT 1 "D";
    .port_info 4 /OUTPUT 1 "Y";
L_000000000113f7c0 .functor NOT 1, v000000000113b640_0, C4<0>, C4<0>, C4<0>;
L_000000000113fbb0 .functor NOT 1, v000000000113b820_0, C4<0>, C4<0>, C4<0>;
L_000000000113f520 .functor AND 1, L_000000000113f7c0, L_000000000113fbb0, C4<1>, C4<1>;
L_000000000113f9f0 .functor NOT 1, v000000000113a740_0, C4<0>, C4<0>, C4<0>;
L_000000000113fc20 .functor AND 1, L_000000000113f520, L_000000000113f9f0, C4<1>, C4<1>;
L_000000000113f590 .functor NOT 1, v000000000113b820_0, C4<0>, C4<0>, C4<0>;
L_000000000113f670 .functor AND 1, v000000000113b780_0, L_000000000113f590, C4<1>, C4<1>;
L_000000000113f600 .functor OR 1, L_000000000113fc20, L_000000000113f670, C4<0>, C4<0>;
L_000000000113fa60 .functor NOT 1, v000000000113b640_0, C4<0>, C4<0>, C4<0>;
L_000000000113ffa0 .functor AND 1, v000000000113b780_0, L_000000000113fa60, C4<1>, C4<1>;
L_0000000001140010 .functor OR 1, L_000000000113f600, L_000000000113ffa0, C4<0>, C4<0>;
L_000000000113f4b0 .functor AND 1, v000000000113b780_0, v000000000113b820_0, C4<1>, C4<1>;
L_000000000113fd00 .functor NOT 1, v000000000113a740_0, C4<0>, C4<0>, C4<0>;
L_000000000113f750 .functor AND 1, L_000000000113f4b0, L_000000000113fd00, C4<1>, C4<1>;
L_000000000113f6e0 .functor OR 1, L_0000000001140010, L_000000000113f750, C4<0>, C4<0>;
v000000000112cef0_0 .net "A", 0 0, v000000000113b780_0;  1 drivers
v000000000112c1d0_0 .net "B", 0 0, v000000000113b640_0;  1 drivers
v000000000112dcb0_0 .net "C", 0 0, v000000000113b820_0;  1 drivers
v000000000112c310_0 .net "D", 0 0, v000000000113a740_0;  1 drivers
v000000000112d0d0_0 .net "Y", 0 0, L_000000000113f6e0;  alias, 1 drivers
v000000000112d710_0 .net *"_s0", 0 0, L_000000000113f7c0;  1 drivers
v000000000112cb30_0 .net *"_s10", 0 0, L_000000000113f590;  1 drivers
v000000000112df30_0 .net *"_s12", 0 0, L_000000000113f670;  1 drivers
v000000000112d850_0 .net *"_s14", 0 0, L_000000000113f600;  1 drivers
v000000000112ddf0_0 .net *"_s16", 0 0, L_000000000113fa60;  1 drivers
v000000000112d490_0 .net *"_s18", 0 0, L_000000000113ffa0;  1 drivers
v000000000112c450_0 .net *"_s2", 0 0, L_000000000113fbb0;  1 drivers
v000000000112c810_0 .net *"_s20", 0 0, L_0000000001140010;  1 drivers
v000000000112d170_0 .net *"_s22", 0 0, L_000000000113f4b0;  1 drivers
v000000000112ca90_0 .net *"_s24", 0 0, L_000000000113fd00;  1 drivers
v000000000112cc70_0 .net *"_s26", 0 0, L_000000000113f750;  1 drivers
v000000000112c950_0 .net *"_s4", 0 0, L_000000000113f520;  1 drivers
v000000000112cd10_0 .net *"_s6", 0 0, L_000000000113f9f0;  1 drivers
v000000000112d8f0_0 .net *"_s8", 0 0, L_000000000113fc20;  1 drivers
S_0000000001077520 .scope module, "OP4" "operadores_4" 2 33, 3 109 0, S_00000000010c1ba0;
 .timescale 0 0;
    .port_info 0 /INPUT 1 "A";
    .port_info 1 /INPUT 1 "B";
    .port_info 2 /INPUT 1 "C";
    .port_info 3 /INPUT 1 "D";
    .port_info 4 /OUTPUT 1 "Y";
L_000000000113f130 .functor OR 1, v000000000113b640_0, v000000000113a740_0, C4<0>, C4<0>;
L_000000000113f830 .functor OR 1, v000000000113b780_0, v000000000113b640_0, C4<0>, C4<0>;
L_000000000113fc90 .functor NOT 1, v000000000113b820_0, C4<0>, C4<0>, C4<0>;
L_000000000113f1a0 .functor OR 1, L_000000000113f830, L_000000000113fc90, C4<0>, C4<0>;
L_000000000113f8a0 .functor AND 1, L_000000000113f130, L_000000000113f1a0, C4<1>, C4<1>;
v000000000112c9f0_0 .net "A", 0 0, v000000000113b780_0;  alias, 1 drivers
v000000000112d670_0 .net "B", 0 0, v000000000113b640_0;  alias, 1 drivers
v000000000112c4f0_0 .net "C", 0 0, v000000000113b820_0;  alias, 1 drivers
v000000000112d030_0 .net "D", 0 0, v000000000113a740_0;  alias, 1 drivers
v000000000112d2b0_0 .net "Y", 0 0, L_000000000113f8a0;  alias, 1 drivers
v000000000112d7b0_0 .net *"_s0", 0 0, L_000000000113f130;  1 drivers
v000000000112dad0_0 .net *"_s2", 0 0, L_000000000113f830;  1 drivers
v000000000112d990_0 .net *"_s4", 0 0, L_000000000113fc90;  1 drivers
v000000000112c3b0_0 .net *"_s6", 0 0, L_000000000113f1a0;  1 drivers
    .scope S_00000000010c1ba0;
T_0 ;
    %delay 1, 0;
    %vpi_call 2 43 "$display", "Ejercicio 1: Tablas 1 y 2" {0 0 0};
    %vpi_call 2 44 "$display", "A B C | Y1 Y2" {0 0 0};
    %vpi_call 2 45 "$display", "------|------" {0 0 0};
    %vpi_call 2 46 "$monitor", "%b %b %b | %b  %b", v000000000113ace0_0, v000000000113bd20_0, v000000000113a600_0, v000000000113be60_0, v000000000113b6e0_0 {0 0 0};
    %pushi/vec4 0, 0, 1;
    %store/vec4 v000000000113ace0_0, 0, 1;
    %pushi/vec4 0, 0, 1;
    %store/vec4 v000000000113bd20_0, 0, 1;
    %pushi/vec4 0, 0, 1;
    %store/vec4 v000000000113a600_0, 0, 1;
    %delay 1, 0;
    %pushi/vec4 0, 0, 1;
    %store/vec4 v000000000113ace0_0, 0, 1;
    %pushi/vec4 0, 0, 1;
    %store/vec4 v000000000113bd20_0, 0, 1;
    %pushi/vec4 1, 0, 1;
    %store/vec4 v000000000113a600_0, 0, 1;
    %delay 1, 0;
    %pushi/vec4 0, 0, 1;
    %store/vec4 v000000000113ace0_0, 0, 1;
    %pushi/vec4 1, 0, 1;
    %store/vec4 v000000000113bd20_0, 0, 1;
    %pushi/vec4 0, 0, 1;
    %store/vec4 v000000000113a600_0, 0, 1;
    %delay 1, 0;
    %pushi/vec4 0, 0, 1;
    %store/vec4 v000000000113ace0_0, 0, 1;
    %pushi/vec4 1, 0, 1;
    %store/vec4 v000000000113bd20_0, 0, 1;
    %pushi/vec4 1, 0, 1;
    %store/vec4 v000000000113a600_0, 0, 1;
    %delay 1, 0;
    %pushi/vec4 1, 0, 1;
    %store/vec4 v000000000113ace0_0, 0, 1;
    %pushi/vec4 0, 0, 1;
    %store/vec4 v000000000113bd20_0, 0, 1;
    %pushi/vec4 0, 0, 1;
    %store/vec4 v000000000113a600_0, 0, 1;
    %delay 1, 0;
    %pushi/vec4 1, 0, 1;
    %store/vec4 v000000000113ace0_0, 0, 1;
    %pushi/vec4 0, 0, 1;
    %store/vec4 v000000000113bd20_0, 0, 1;
    %pushi/vec4 1, 0, 1;
    %store/vec4 v000000000113a600_0, 0, 1;
    %delay 1, 0;
    %pushi/vec4 1, 0, 1;
    %store/vec4 v000000000113ace0_0, 0, 1;
    %pushi/vec4 1, 0, 1;
    %store/vec4 v000000000113bd20_0, 0, 1;
    %pushi/vec4 0, 0, 1;
    %store/vec4 v000000000113a600_0, 0, 1;
    %delay 1, 0;
    %pushi/vec4 1, 0, 1;
    %store/vec4 v000000000113ace0_0, 0, 1;
    %pushi/vec4 1, 0, 1;
    %store/vec4 v000000000113bd20_0, 0, 1;
    %pushi/vec4 1, 0, 1;
    %store/vec4 v000000000113a600_0, 0, 1;
    %end;
    .thread T_0;
    .scope S_00000000010c1ba0;
T_1 ;
    %delay 10, 0;
    %vpi_call 2 60 "$display", "\012" {0 0 0};
    %vpi_call 2 61 "$display", "Ejercicio 2: Tablas 2 y 4" {0 0 0};
    %vpi_call 2 62 "$display", "A B C | Y1 Y2" {0 0 0};
    %vpi_call 2 63 "$display", "------|------" {0 0 0};
    %vpi_call 2 64 "$monitor", "%b %b %b | %b %b", v000000000113b460_0, v000000000113bfa0_0, v000000000113af60_0, v000000000113aa60_0, v000000000113b960_0 {0 0 0};
    %pushi/vec4 0, 0, 1;
    %store/vec4 v000000000113b460_0, 0, 1;
    %pushi/vec4 0, 0, 1;
    %store/vec4 v000000000113bfa0_0, 0, 1;
    %pushi/vec4 0, 0, 1;
    %store/vec4 v000000000113af60_0, 0, 1;
    %delay 1, 0;
    %pushi/vec4 0, 0, 1;
    %store/vec4 v000000000113b460_0, 0, 1;
    %pushi/vec4 0, 0, 1;
    %store/vec4 v000000000113bfa0_0, 0, 1;
    %pushi/vec4 1, 0, 1;
    %store/vec4 v000000000113af60_0, 0, 1;
    %delay 1, 0;
    %pushi/vec4 0, 0, 1;
    %store/vec4 v000000000113b460_0, 0, 1;
    %pushi/vec4 1, 0, 1;
    %store/vec4 v000000000113bfa0_0, 0, 1;
    %pushi/vec4 0, 0, 1;
    %store/vec4 v000000000113af60_0, 0, 1;
    %delay 1, 0;
    %pushi/vec4 0, 0, 1;
    %store/vec4 v000000000113b460_0, 0, 1;
    %pushi/vec4 1, 0, 1;
    %store/vec4 v000000000113bfa0_0, 0, 1;
    %pushi/vec4 1, 0, 1;
    %store/vec4 v000000000113af60_0, 0, 1;
    %delay 1, 0;
    %pushi/vec4 1, 0, 1;
    %store/vec4 v000000000113b460_0, 0, 1;
    %pushi/vec4 0, 0, 1;
    %store/vec4 v000000000113bfa0_0, 0, 1;
    %pushi/vec4 0, 0, 1;
    %store/vec4 v000000000113af60_0, 0, 1;
    %delay 1, 0;
    %pushi/vec4 1, 0, 1;
    %store/vec4 v000000000113b460_0, 0, 1;
    %pushi/vec4 0, 0, 1;
    %store/vec4 v000000000113bfa0_0, 0, 1;
    %pushi/vec4 1, 0, 1;
    %store/vec4 v000000000113af60_0, 0, 1;
    %delay 1, 0;
    %pushi/vec4 1, 0, 1;
    %store/vec4 v000000000113b460_0, 0, 1;
    %pushi/vec4 1, 0, 1;
    %store/vec4 v000000000113bfa0_0, 0, 1;
    %pushi/vec4 0, 0, 1;
    %store/vec4 v000000000113af60_0, 0, 1;
    %delay 1, 0;
    %pushi/vec4 1, 0, 1;
    %store/vec4 v000000000113b460_0, 0, 1;
    %pushi/vec4 1, 0, 1;
    %store/vec4 v000000000113bfa0_0, 0, 1;
    %pushi/vec4 1, 0, 1;
    %store/vec4 v000000000113af60_0, 0, 1;
    %end;
    .thread T_1;
    .scope S_00000000010c1ba0;
T_2 ;
    %delay 18, 0;
    %vpi_call 2 78 "$display", "\012" {0 0 0};
    %vpi_call 2 79 "$display", "Ejercicio 1: Tablas 3 y 4" {0 0 0};
    %vpi_call 2 80 "$display", "A B C D | Y1 Y2" {0 0 0};
    %vpi_call 2 81 "$display", "--------|------" {0 0 0};
    %vpi_call 2 82 "$monitor", "%b %b %b %b | %b  %b", v000000000112d530_0, v000000000112d5d0_0, v000000000112dc10_0, v000000000112de90_0, v000000000113b8c0_0, v000000000113ba00_0 {0 0 0};
    %pushi/vec4 0, 0, 1;
    %store/vec4 v000000000112d530_0, 0, 1;
    %pushi/vec4 0, 0, 1;
    %store/vec4 v000000000112d5d0_0, 0, 1;
    %pushi/vec4 0, 0, 1;
    %store/vec4 v000000000112dc10_0, 0, 1;
    %pushi/vec4 0, 0, 1;
    %store/vec4 v000000000112de90_0, 0, 1;
    %delay 1, 0;
    %pushi/vec4 0, 0, 1;
    %store/vec4 v000000000112d530_0, 0, 1;
    %pushi/vec4 0, 0, 1;
    %store/vec4 v000000000112d5d0_0, 0, 1;
    %pushi/vec4 0, 0, 1;
    %store/vec4 v000000000112dc10_0, 0, 1;
    %pushi/vec4 1, 0, 1;
    %store/vec4 v000000000112de90_0, 0, 1;
    %delay 1, 0;
    %pushi/vec4 0, 0, 1;
    %store/vec4 v000000000112d530_0, 0, 1;
    %pushi/vec4 0, 0, 1;
    %store/vec4 v000000000112d5d0_0, 0, 1;
    %pushi/vec4 1, 0, 1;
    %store/vec4 v000000000112dc10_0, 0, 1;
    %pushi/vec4 0, 0, 1;
    %store/vec4 v000000000112de90_0, 0, 1;
    %delay 1, 0;
    %pushi/vec4 0, 0, 1;
    %store/vec4 v000000000112d530_0, 0, 1;
    %pushi/vec4 0, 0, 1;
    %store/vec4 v000000000112d5d0_0, 0, 1;
    %pushi/vec4 1, 0, 1;
    %store/vec4 v000000000112dc10_0, 0, 1;
    %pushi/vec4 1, 0, 1;
    %store/vec4 v000000000112de90_0, 0, 1;
    %delay 1, 0;
    %pushi/vec4 0, 0, 1;
    %store/vec4 v000000000112d530_0, 0, 1;
    %pushi/vec4 1, 0, 1;
    %store/vec4 v000000000112d5d0_0, 0, 1;
    %pushi/vec4 0, 0, 1;
    %store/vec4 v000000000112dc10_0, 0, 1;
    %pushi/vec4 0, 0, 1;
    %store/vec4 v000000000112de90_0, 0, 1;
    %delay 1, 0;
    %pushi/vec4 0, 0, 1;
    %store/vec4 v000000000112d530_0, 0, 1;
    %pushi/vec4 1, 0, 1;
    %store/vec4 v000000000112d5d0_0, 0, 1;
    %pushi/vec4 0, 0, 1;
    %store/vec4 v000000000112dc10_0, 0, 1;
    %pushi/vec4 1, 0, 1;
    %store/vec4 v000000000112de90_0, 0, 1;
    %delay 1, 0;
    %pushi/vec4 0, 0, 1;
    %store/vec4 v000000000112d530_0, 0, 1;
    %pushi/vec4 1, 0, 1;
    %store/vec4 v000000000112d5d0_0, 0, 1;
    %pushi/vec4 1, 0, 1;
    %store/vec4 v000000000112dc10_0, 0, 1;
    %pushi/vec4 0, 0, 1;
    %store/vec4 v000000000112de90_0, 0, 1;
    %delay 1, 0;
    %pushi/vec4 0, 0, 1;
    %store/vec4 v000000000112d530_0, 0, 1;
    %pushi/vec4 1, 0, 1;
    %store/vec4 v000000000112d5d0_0, 0, 1;
    %pushi/vec4 1, 0, 1;
    %store/vec4 v000000000112dc10_0, 0, 1;
    %pushi/vec4 1, 0, 1;
    %store/vec4 v000000000112de90_0, 0, 1;
    %delay 1, 0;
    %pushi/vec4 1, 0, 1;
    %store/vec4 v000000000112d530_0, 0, 1;
    %pushi/vec4 0, 0, 1;
    %store/vec4 v000000000112d5d0_0, 0, 1;
    %pushi/vec4 0, 0, 1;
    %store/vec4 v000000000112dc10_0, 0, 1;
    %pushi/vec4 0, 0, 1;
    %store/vec4 v000000000112de90_0, 0, 1;
    %delay 1, 0;
    %pushi/vec4 1, 0, 1;
    %store/vec4 v000000000112d530_0, 0, 1;
    %pushi/vec4 0, 0, 1;
    %store/vec4 v000000000112d5d0_0, 0, 1;
    %pushi/vec4 0, 0, 1;
    %store/vec4 v000000000112dc10_0, 0, 1;
    %pushi/vec4 1, 0, 1;
    %store/vec4 v000000000112de90_0, 0, 1;
    %delay 1, 0;
    %pushi/vec4 1, 0, 1;
    %store/vec4 v000000000112d530_0, 0, 1;
    %pushi/vec4 0, 0, 1;
    %store/vec4 v000000000112d5d0_0, 0, 1;
    %pushi/vec4 1, 0, 1;
    %store/vec4 v000000000112dc10_0, 0, 1;
    %pushi/vec4 0, 0, 1;
    %store/vec4 v000000000112de90_0, 0, 1;
    %delay 1, 0;
    %pushi/vec4 1, 0, 1;
    %store/vec4 v000000000112d530_0, 0, 1;
    %pushi/vec4 0, 0, 1;
    %store/vec4 v000000000112d5d0_0, 0, 1;
    %pushi/vec4 1, 0, 1;
    %store/vec4 v000000000112dc10_0, 0, 1;
    %pushi/vec4 1, 0, 1;
    %store/vec4 v000000000112de90_0, 0, 1;
    %delay 1, 0;
    %pushi/vec4 1, 0, 1;
    %store/vec4 v000000000112d530_0, 0, 1;
    %pushi/vec4 1, 0, 1;
    %store/vec4 v000000000112d5d0_0, 0, 1;
    %pushi/vec4 0, 0, 1;
    %store/vec4 v000000000112dc10_0, 0, 1;
    %pushi/vec4 0, 0, 1;
    %store/vec4 v000000000112de90_0, 0, 1;
    %delay 1, 0;
    %pushi/vec4 1, 0, 1;
    %store/vec4 v000000000112d530_0, 0, 1;
    %pushi/vec4 1, 0, 1;
    %store/vec4 v000000000112d5d0_0, 0, 1;
    %pushi/vec4 0, 0, 1;
    %store/vec4 v000000000112dc10_0, 0, 1;
    %pushi/vec4 1, 0, 1;
    %store/vec4 v000000000112de90_0, 0, 1;
    %delay 1, 0;
    %pushi/vec4 1, 0, 1;
    %store/vec4 v000000000112d530_0, 0, 1;
    %pushi/vec4 1, 0, 1;
    %store/vec4 v000000000112d5d0_0, 0, 1;
    %pushi/vec4 1, 0, 1;
    %store/vec4 v000000000112dc10_0, 0, 1;
    %pushi/vec4 0, 0, 1;
    %store/vec4 v000000000112de90_0, 0, 1;
    %delay 1, 0;
    %pushi/vec4 1, 0, 1;
    %store/vec4 v000000000112d530_0, 0, 1;
    %pushi/vec4 1, 0, 1;
    %store/vec4 v000000000112d5d0_0, 0, 1;
    %pushi/vec4 1, 0, 1;
    %store/vec4 v000000000112dc10_0, 0, 1;
    %pushi/vec4 1, 0, 1;
    %store/vec4 v000000000112de90_0, 0, 1;
    %end;
    .thread T_2;
    .scope S_00000000010c1ba0;
T_3 ;
    %delay 35, 0;
    %vpi_call 2 104 "$display", "\012" {0 0 0};
    %vpi_call 2 105 "$display", "Ejercicio 2: Tablas 1 y 3" {0 0 0};
    %vpi_call 2 106 "$display", "A B C D | Y1 Y2" {0 0 0};
    %vpi_call 2 107 "$display", "--------|------" {0 0 0};
    %vpi_call 2 108 "$monitor", "%b %b %b %b | %b  %b", v000000000113b780_0, v000000000113b640_0, v000000000113b820_0, v000000000113a740_0, v000000000113baa0_0, v000000000113bb40_0 {0 0 0};
    %pushi/vec4 0, 0, 1;
    %store/vec4 v000000000113b780_0, 0, 1;
    %pushi/vec4 0, 0, 1;
    %store/vec4 v000000000113b640_0, 0, 1;
    %pushi/vec4 0, 0, 1;
    %store/vec4 v000000000113b820_0, 0, 1;
    %pushi/vec4 0, 0, 1;
    %store/vec4 v000000000113a740_0, 0, 1;
    %delay 1, 0;
    %pushi/vec4 0, 0, 1;
    %store/vec4 v000000000113b780_0, 0, 1;
    %pushi/vec4 0, 0, 1;
    %store/vec4 v000000000113b640_0, 0, 1;
    %pushi/vec4 0, 0, 1;
    %store/vec4 v000000000113b820_0, 0, 1;
    %pushi/vec4 1, 0, 1;
    %store/vec4 v000000000113a740_0, 0, 1;
    %delay 1, 0;
    %pushi/vec4 0, 0, 1;
    %store/vec4 v000000000113b780_0, 0, 1;
    %pushi/vec4 0, 0, 1;
    %store/vec4 v000000000113b640_0, 0, 1;
    %pushi/vec4 1, 0, 1;
    %store/vec4 v000000000113b820_0, 0, 1;
    %pushi/vec4 0, 0, 1;
    %store/vec4 v000000000113a740_0, 0, 1;
    %delay 1, 0;
    %pushi/vec4 0, 0, 1;
    %store/vec4 v000000000113b780_0, 0, 1;
    %pushi/vec4 0, 0, 1;
    %store/vec4 v000000000113b640_0, 0, 1;
    %pushi/vec4 1, 0, 1;
    %store/vec4 v000000000113b820_0, 0, 1;
    %pushi/vec4 1, 0, 1;
    %store/vec4 v000000000113a740_0, 0, 1;
    %delay 1, 0;
    %pushi/vec4 0, 0, 1;
    %store/vec4 v000000000113b780_0, 0, 1;
    %pushi/vec4 1, 0, 1;
    %store/vec4 v000000000113b640_0, 0, 1;
    %pushi/vec4 0, 0, 1;
    %store/vec4 v000000000113b820_0, 0, 1;
    %pushi/vec4 0, 0, 1;
    %store/vec4 v000000000113a740_0, 0, 1;
    %delay 1, 0;
    %pushi/vec4 0, 0, 1;
    %store/vec4 v000000000113b780_0, 0, 1;
    %pushi/vec4 1, 0, 1;
    %store/vec4 v000000000113b640_0, 0, 1;
    %pushi/vec4 0, 0, 1;
    %store/vec4 v000000000113b820_0, 0, 1;
    %pushi/vec4 1, 0, 1;
    %store/vec4 v000000000113a740_0, 0, 1;
    %delay 1, 0;
    %pushi/vec4 0, 0, 1;
    %store/vec4 v000000000113b780_0, 0, 1;
    %pushi/vec4 1, 0, 1;
    %store/vec4 v000000000113b640_0, 0, 1;
    %pushi/vec4 1, 0, 1;
    %store/vec4 v000000000113b820_0, 0, 1;
    %pushi/vec4 0, 0, 1;
    %store/vec4 v000000000113a740_0, 0, 1;
    %delay 1, 0;
    %pushi/vec4 0, 0, 1;
    %store/vec4 v000000000113b780_0, 0, 1;
    %pushi/vec4 1, 0, 1;
    %store/vec4 v000000000113b640_0, 0, 1;
    %pushi/vec4 1, 0, 1;
    %store/vec4 v000000000113b820_0, 0, 1;
    %pushi/vec4 1, 0, 1;
    %store/vec4 v000000000113a740_0, 0, 1;
    %delay 1, 0;
    %pushi/vec4 1, 0, 1;
    %store/vec4 v000000000113b780_0, 0, 1;
    %pushi/vec4 0, 0, 1;
    %store/vec4 v000000000113b640_0, 0, 1;
    %pushi/vec4 0, 0, 1;
    %store/vec4 v000000000113b820_0, 0, 1;
    %pushi/vec4 0, 0, 1;
    %store/vec4 v000000000113a740_0, 0, 1;
    %delay 1, 0;
    %pushi/vec4 1, 0, 1;
    %store/vec4 v000000000113b780_0, 0, 1;
    %pushi/vec4 0, 0, 1;
    %store/vec4 v000000000113b640_0, 0, 1;
    %pushi/vec4 0, 0, 1;
    %store/vec4 v000000000113b820_0, 0, 1;
    %pushi/vec4 1, 0, 1;
    %store/vec4 v000000000113a740_0, 0, 1;
    %delay 1, 0;
    %pushi/vec4 1, 0, 1;
    %store/vec4 v000000000113b780_0, 0, 1;
    %pushi/vec4 0, 0, 1;
    %store/vec4 v000000000113b640_0, 0, 1;
    %pushi/vec4 1, 0, 1;
    %store/vec4 v000000000113b820_0, 0, 1;
    %pushi/vec4 0, 0, 1;
    %store/vec4 v000000000113a740_0, 0, 1;
    %delay 1, 0;
    %pushi/vec4 1, 0, 1;
    %store/vec4 v000000000113b780_0, 0, 1;
    %pushi/vec4 0, 0, 1;
    %store/vec4 v000000000113b640_0, 0, 1;
    %pushi/vec4 1, 0, 1;
    %store/vec4 v000000000113b820_0, 0, 1;
    %pushi/vec4 1, 0, 1;
    %store/vec4 v000000000113a740_0, 0, 1;
    %delay 1, 0;
    %pushi/vec4 1, 0, 1;
    %store/vec4 v000000000113b780_0, 0, 1;
    %pushi/vec4 1, 0, 1;
    %store/vec4 v000000000113b640_0, 0, 1;
    %pushi/vec4 0, 0, 1;
    %store/vec4 v000000000113b820_0, 0, 1;
    %pushi/vec4 0, 0, 1;
    %store/vec4 v000000000113a740_0, 0, 1;
    %delay 1, 0;
    %pushi/vec4 1, 0, 1;
    %store/vec4 v000000000113b780_0, 0, 1;
    %pushi/vec4 1, 0, 1;
    %store/vec4 v000000000113b640_0, 0, 1;
    %pushi/vec4 0, 0, 1;
    %store/vec4 v000000000113b820_0, 0, 1;
    %pushi/vec4 1, 0, 1;
    %store/vec4 v000000000113a740_0, 0, 1;
    %delay 1, 0;
    %pushi/vec4 1, 0, 1;
    %store/vec4 v000000000113b780_0, 0, 1;
    %pushi/vec4 1, 0, 1;
    %store/vec4 v000000000113b640_0, 0, 1;
    %pushi/vec4 1, 0, 1;
    %store/vec4 v000000000113b820_0, 0, 1;
    %pushi/vec4 0, 0, 1;
    %store/vec4 v000000000113a740_0, 0, 1;
    %delay 1, 0;
    %pushi/vec4 1, 0, 1;
    %store/vec4 v000000000113b780_0, 0, 1;
    %pushi/vec4 1, 0, 1;
    %store/vec4 v000000000113b640_0, 0, 1;
    %pushi/vec4 1, 0, 1;
    %store/vec4 v000000000113b820_0, 0, 1;
    %pushi/vec4 1, 0, 1;
    %store/vec4 v000000000113a740_0, 0, 1;
    %end;
    .thread T_3;
    .scope S_00000000010c1ba0;
T_4 ;
    %delay 52, 0;
    %vpi_call 2 129 "$display", "\012" {0 0 0};
    %vpi_call 2 130 "$display", "Ejercicio 5: SOP | POS | Karnaugh" {0 0 0};
    %vpi_call 2 131 "$display", "A B C | Y1 Y2 Y3" {0 0 0};
    %vpi_call 2 132 "$display", "------|---------" {0 0 0};
    %vpi_call 2 133 "$monitor", "%b %b %b | %b  %b  %b", v000000000112c770_0, v000000000112da30_0, v000000000112d350_0, v000000000113bbe0_0, v000000000113ae20_0, v000000000113bc80_0 {0 0 0};
    %pushi/vec4 0, 0, 1;
    %store/vec4 v000000000112c770_0, 0, 1;
    %pushi/vec4 0, 0, 1;
    %store/vec4 v000000000112da30_0, 0, 1;
    %pushi/vec4 0, 0, 1;
    %store/vec4 v000000000112d350_0, 0, 1;
    %delay 1, 0;
    %pushi/vec4 0, 0, 1;
    %store/vec4 v000000000112c770_0, 0, 1;
    %pushi/vec4 0, 0, 1;
    %store/vec4 v000000000112da30_0, 0, 1;
    %pushi/vec4 1, 0, 1;
    %store/vec4 v000000000112d350_0, 0, 1;
    %delay 1, 0;
    %pushi/vec4 0, 0, 1;
    %store/vec4 v000000000112c770_0, 0, 1;
    %pushi/vec4 1, 0, 1;
    %store/vec4 v000000000112da30_0, 0, 1;
    %pushi/vec4 0, 0, 1;
    %store/vec4 v000000000112d350_0, 0, 1;
    %delay 1, 0;
    %pushi/vec4 0, 0, 1;
    %store/vec4 v000000000112c770_0, 0, 1;
    %pushi/vec4 1, 0, 1;
    %store/vec4 v000000000112da30_0, 0, 1;
    %pushi/vec4 1, 0, 1;
    %store/vec4 v000000000112d350_0, 0, 1;
    %delay 1, 0;
    %pushi/vec4 1, 0, 1;
    %store/vec4 v000000000112c770_0, 0, 1;
    %pushi/vec4 0, 0, 1;
    %store/vec4 v000000000112da30_0, 0, 1;
    %pushi/vec4 0, 0, 1;
    %store/vec4 v000000000112d350_0, 0, 1;
    %delay 1, 0;
    %pushi/vec4 1, 0, 1;
    %store/vec4 v000000000112c770_0, 0, 1;
    %pushi/vec4 0, 0, 1;
    %store/vec4 v000000000112da30_0, 0, 1;
    %pushi/vec4 1, 0, 1;
    %store/vec4 v000000000112d350_0, 0, 1;
    %delay 1, 0;
    %pushi/vec4 1, 0, 1;
    %store/vec4 v000000000112c770_0, 0, 1;
    %pushi/vec4 1, 0, 1;
    %store/vec4 v000000000112da30_0, 0, 1;
    %pushi/vec4 0, 0, 1;
    %store/vec4 v000000000112d350_0, 0, 1;
    %delay 1, 0;
    %pushi/vec4 1, 0, 1;
    %store/vec4 v000000000112c770_0, 0, 1;
    %pushi/vec4 1, 0, 1;
    %store/vec4 v000000000112da30_0, 0, 1;
    %pushi/vec4 1, 0, 1;
    %store/vec4 v000000000112d350_0, 0, 1;
    %end;
    .thread T_4;
    .scope S_00000000010c1ba0;
T_5 ;
    %delay 60, 0;
    %vpi_call 2 145 "$finish" {0 0 0};
    %end;
    .thread T_5;
    .scope S_00000000010c1ba0;
T_6 ;
    %vpi_call 2 148 "$dumpfile", "Test_Bench_tb.vcd" {0 0 0};
    %vpi_call 2 149 "$dumpvars", 32'sb00000000000000000000000000000000, S_00000000010c1ba0 {0 0 0};
    %end;
    .thread T_6;
# The file index is used to find the file name in the following table.
:file_names 4;
    "N/A";
    "<interactive>";
    "Test_Bench_tb.v";
    "./codigo.v";
