#! /usr/local/iverilog/bin/vvp
:ivl_version "11.0 (devel)" "(s20150603-642-g3bdb50da)";
:ivl_delay_selection "TYPICAL";
:vpi_time_precision + 0;
:vpi_module "system";
:vpi_module "vhdl_sys";
:vpi_module "vhdl_textio";
:vpi_module "v2005_math";
:vpi_module "va_math";
S_000000000114f780 .scope module, "testbench" "testbench" 2 8;
 .timescale 0 0;
v00000000011b0d90_0 .var "A", 0 0;
v00000000011b0ed0_0 .var "B", 0 0;
v00000000011b0f70_0 .var "C", 0 0;
L_00000000011c0088 .functor BUFT 1, C4<0>, C4<0>, C4<0>, C4<0>;
v00000000011af530_0 .net "GRND", 0 0, L_00000000011c0088;  1 drivers
L_00000000011c00d0 .functor BUFT 1, C4<1>, C4<0>, C4<0>, C4<0>;
v00000000011b0110_0 .net "VCC", 0 0, L_00000000011c00d0;  1 drivers
v00000000011b04d0_0 .net "led1", 0 0, L_00000000011b2a30;  1 drivers
v00000000011b2d50_0 .net "led2", 0 0, L_00000000011b2b70;  1 drivers
v00000000011b2170_0 .net "led3", 0 0, L_00000000011b19f0;  1 drivers
v00000000011b2210_0 .net "led4", 0 0, L_00000000011b3250;  1 drivers
v00000000011b2ad0_0 .net "led5", 0 0, L_00000000011b1ef0;  1 drivers
v00000000011b3070_0 .net "led6", 0 0, L_00000000011b7880;  1 drivers
S_000000000114bb30 .scope module, "T000" "tabla_1_2" 2 24, 3 43 0, S_000000000114f780;
 .timescale 0 0;
    .port_info 0 /INPUT 1 "A";
    .port_info 1 /INPUT 1 "B";
    .port_info 2 /INPUT 1 "C";
    .port_info 3 /OUTPUT 1 "Y";
L_00000000011a6100 .functor XOR 1, v00000000011b0ed0_0, v00000000011b0f70_0, C4<0>, C4<0>;
L_00000000011a5ca0 .functor XOR 1, v00000000011b0ed0_0, v00000000011b0f70_0, C4<0>, C4<0>;
L_00000000011a5e60 .functor NOT 1, L_00000000011a5ca0, C4<0>, C4<0>, C4<0>;
v000000000113be70_0 .net "A", 0 0, v00000000011b0d90_0;  1 drivers
v000000000113ca50_0 .net "B", 0 0, v00000000011b0ed0_0;  1 drivers
v000000000113d8b0_0 .net "C", 0 0, v00000000011b0f70_0;  1 drivers
v000000000113bb50_0 .net "Y", 0 0, L_00000000011b2a30;  alias, 1 drivers
v000000000113c0f0_0 .net "Y1", 0 0, L_00000000011a6100;  1 drivers
v000000000113c230_0 .net "Y2", 0 0, L_00000000011a5e60;  1 drivers
v000000000113c2d0_0 .net *"_s2", 0 0, L_00000000011a5ca0;  1 drivers
S_000000000114f220 .scope module, "T" "mux_2" 3 51, 3 10 0, S_000000000114bb30;
 .timescale 0 0;
    .port_info 0 /INPUT 1 "A";
    .port_info 1 /INPUT 1 "B";
    .port_info 2 /INPUT 1 "C";
    .port_info 3 /OUTPUT 1 "Y";
v000000000113c550_0 .net "A", 0 0, v00000000011b0d90_0;  alias, 1 drivers
v000000000113d1d0_0 .net "B", 0 0, L_00000000011a6100;  alias, 1 drivers
v000000000113bdd0_0 .net "C", 0 0, L_00000000011a5e60;  alias, 1 drivers
v000000000113d770_0 .net "Y", 0 0, L_00000000011b2a30;  alias, 1 drivers
L_00000000011b2a30 .functor MUXZ 1, L_00000000011a6100, L_00000000011a5e60, v00000000011b0d90_0, C4<>;
S_0000000001112740 .scope module, "T001" "tabla_1_4" 2 25, 3 56 0, S_000000000114f780;
 .timescale 0 0;
    .port_info 0 /INPUT 1 "A";
    .port_info 1 /INPUT 1 "B";
    .port_info 2 /INPUT 1 "C";
    .port_info 3 /OUTPUT 1 "Y";
L_00000000011a5c30 .functor NOT 1, v00000000011b0f70_0, C4<0>, C4<0>, C4<0>;
L_00000000011a61e0 .functor BUFZ 1, v00000000011b0ed0_0, C4<0>, C4<0>, C4<0>;
L_00000000011a62c0 .functor BUFZ 1, v00000000011b0d90_0, C4<0>, C4<0>, C4<0>;
v00000000011a46c0_0 .net "A", 0 0, v00000000011b0d90_0;  alias, 1 drivers
v00000000011a49e0_0 .net "B", 0 0, v00000000011b0ed0_0;  alias, 1 drivers
v00000000011a43a0_0 .net "C", 0 0, v00000000011b0f70_0;  alias, 1 drivers
v00000000011a5480_0 .net "Y", 0 0, L_00000000011b2b70;  alias, 1 drivers
v00000000011a58e0_0 .net "Y1", 0 0, L_00000000011a5c30;  1 drivers
v00000000011a4760_0 .net "Y2", 1 0, L_00000000011b25d0;  1 drivers
v00000000011a4a80_0 .net *"_s10", 0 0, L_00000000011a62c0;  1 drivers
v00000000011a4440_0 .net *"_s5", 0 0, L_00000000011a61e0;  1 drivers
L_00000000011b25d0 .concat8 [ 1 1 0 0], L_00000000011a61e0, L_00000000011a62c0;
S_00000000011128d0 .scope module, "T" "mux_4" 3 66, 3 17 0, S_0000000001112740;
 .timescale 0 0;
    .port_info 0 /INPUT 1 "A";
    .port_info 1 /INPUT 1 "B";
    .port_info 2 /INPUT 1 "C";
    .port_info 3 /INPUT 1 "D";
    .port_info 4 /INPUT 2 "S";
    .port_info 5 /OUTPUT 1 "Y";
v00000000011a3c20_0 .net "A", 0 0, v00000000011b0f70_0;  alias, 1 drivers
v00000000011a4940_0 .net "B", 0 0, L_00000000011a5c30;  alias, 1 drivers
v00000000011a4ee0_0 .net "C", 0 0, L_00000000011a5c30;  alias, 1 drivers
v00000000011a48a0_0 .net "D", 0 0, v00000000011b0f70_0;  alias, 1 drivers
v00000000011a4620_0 .net "S", 1 0, L_00000000011b25d0;  alias, 1 drivers
v00000000011a5980_0 .net "Y", 0 0, L_00000000011b2b70;  alias, 1 drivers
v00000000011a5840_0 .net "Y1", 0 0, L_00000000011b27b0;  1 drivers
v00000000011a4080_0 .net "Y2", 0 0, L_00000000011b1db0;  1 drivers
L_00000000011b2df0 .part L_00000000011b25d0, 0, 1;
L_00000000011b1a90 .part L_00000000011b25d0, 0, 1;
L_00000000011b2c10 .part L_00000000011b25d0, 1, 1;
S_0000000001110810 .scope module, "m1" "mux_2" 3 23, 3 10 0, S_00000000011128d0;
 .timescale 0 0;
    .port_info 0 /INPUT 1 "A";
    .port_info 1 /INPUT 1 "B";
    .port_info 2 /INPUT 1 "C";
    .port_info 3 /OUTPUT 1 "Y";
v000000000113c410_0 .net "A", 0 0, L_00000000011b2df0;  1 drivers
v000000000113c4b0_0 .net "B", 0 0, v00000000011b0f70_0;  alias, 1 drivers
v000000000113c730_0 .net "C", 0 0, L_00000000011a5c30;  alias, 1 drivers
v000000000113cb90_0 .net "Y", 0 0, L_00000000011b27b0;  alias, 1 drivers
L_00000000011b27b0 .functor MUXZ 1, v00000000011b0f70_0, L_00000000011a5c30, L_00000000011b2df0, C4<>;
S_00000000011109a0 .scope module, "m2" "mux_2" 3 24, 3 10 0, S_00000000011128d0;
 .timescale 0 0;
    .port_info 0 /INPUT 1 "A";
    .port_info 1 /INPUT 1 "B";
    .port_info 2 /INPUT 1 "C";
    .port_info 3 /OUTPUT 1 "Y";
v000000000113ccd0_0 .net "A", 0 0, L_00000000011b1a90;  1 drivers
v000000000113cd70_0 .net "B", 0 0, L_00000000011a5c30;  alias, 1 drivers
v00000000011a4800_0 .net "C", 0 0, v00000000011b0f70_0;  alias, 1 drivers
v00000000011a3cc0_0 .net "Y", 0 0, L_00000000011b1db0;  alias, 1 drivers
L_00000000011b1db0 .functor MUXZ 1, L_00000000011a5c30, v00000000011b0f70_0, L_00000000011b1a90, C4<>;
S_000000000110f190 .scope module, "m3" "mux_2" 3 25, 3 10 0, S_00000000011128d0;
 .timescale 0 0;
    .port_info 0 /INPUT 1 "A";
    .port_info 1 /INPUT 1 "B";
    .port_info 2 /INPUT 1 "C";
    .port_info 3 /OUTPUT 1 "Y";
v00000000011a4da0_0 .net "A", 0 0, L_00000000011b2c10;  1 drivers
v00000000011a4b20_0 .net "B", 0 0, L_00000000011b27b0;  alias, 1 drivers
v00000000011a3f40_0 .net "C", 0 0, L_00000000011b1db0;  alias, 1 drivers
v00000000011a4580_0 .net "Y", 0 0, L_00000000011b2b70;  alias, 1 drivers
L_00000000011b2b70 .functor MUXZ 1, L_00000000011b27b0, L_00000000011b1db0, L_00000000011b2c10, C4<>;
S_000000000110f320 .scope module, "T010" "tabla_1_8" 2 26, 3 71 0, S_000000000114f780;
 .timescale 0 0;
    .port_info 0 /INPUT 1 "GRND";
    .port_info 1 /INPUT 1 "VCC";
    .port_info 2 /INPUT 1 "A";
    .port_info 3 /INPUT 1 "B";
    .port_info 4 /INPUT 1 "C";
    .port_info 5 /OUTPUT 1 "Y";
L_00000000011a5d10 .functor BUFZ 1, v00000000011b0f70_0, C4<0>, C4<0>, C4<0>;
L_00000000011a5d80 .functor BUFZ 1, v00000000011b0ed0_0, C4<0>, C4<0>, C4<0>;
L_00000000011a5ed0 .functor BUFZ 1, v00000000011b0d90_0, C4<0>, C4<0>, C4<0>;
v00000000011a8170_0 .net "A", 0 0, v00000000011b0d90_0;  alias, 1 drivers
v00000000011a8a30_0 .net "B", 0 0, v00000000011b0ed0_0;  alias, 1 drivers
v00000000011a7e50_0 .net "C", 0 0, v00000000011b0f70_0;  alias, 1 drivers
v00000000011a7c70_0 .net "GRND", 0 0, L_00000000011c0088;  alias, 1 drivers
v00000000011a8ad0_0 .net "VCC", 0 0, L_00000000011c00d0;  alias, 1 drivers
v00000000011a78b0_0 .net "Y", 0 0, L_00000000011b19f0;  alias, 1 drivers
v00000000011a8490_0 .net "Y1", 2 0, L_00000000011b28f0;  1 drivers
v00000000011a8c10_0 .net *"_s12", 0 0, L_00000000011a5ed0;  1 drivers
v00000000011a7950_0 .net *"_s3", 0 0, L_00000000011a5d10;  1 drivers
v00000000011a79f0_0 .net *"_s7", 0 0, L_00000000011a5d80;  1 drivers
L_00000000011b28f0 .concat8 [ 1 1 1 0], L_00000000011a5d10, L_00000000011a5d80, L_00000000011a5ed0;
S_000000000110ae50 .scope module, "T" "mux_8" 3 80, 3 30 0, S_000000000110f320;
 .timescale 0 0;
    .port_info 0 /INPUT 1 "A";
    .port_info 1 /INPUT 1 "B";
    .port_info 2 /INPUT 1 "C";
    .port_info 3 /INPUT 1 "D";
    .port_info 4 /INPUT 1 "E";
    .port_info 5 /INPUT 1 "F";
    .port_info 6 /INPUT 1 "G";
    .port_info 7 /INPUT 1 "H";
    .port_info 8 /INPUT 3 "S";
    .port_info 9 /OUTPUT 1 "Y";
v00000000011a7f90_0 .net "A", 0 0, L_00000000011c0088;  alias, 1 drivers
v00000000011a9250_0 .net "B", 0 0, L_00000000011c00d0;  alias, 1 drivers
v00000000011a74f0_0 .net "C", 0 0, L_00000000011c00d0;  alias, 1 drivers
v00000000011a7590_0 .net "D", 0 0, L_00000000011c0088;  alias, 1 drivers
v00000000011a8530_0 .net "E", 0 0, L_00000000011c00d0;  alias, 1 drivers
v00000000011a76d0_0 .net "F", 0 0, L_00000000011c0088;  alias, 1 drivers
v00000000011a7bd0_0 .net "G", 0 0, L_00000000011c0088;  alias, 1 drivers
v00000000011a7810_0 .net "H", 0 0, L_00000000011c00d0;  alias, 1 drivers
v00000000011a87b0_0 .net "S", 2 0, L_00000000011b28f0;  alias, 1 drivers
v00000000011a88f0_0 .net "Y", 0 0, L_00000000011b19f0;  alias, 1 drivers
v00000000011a8d50_0 .net "Y1", 0 0, L_00000000011b2cb0;  1 drivers
v00000000011a7630_0 .net "Y2", 0 0, L_00000000011b3110;  1 drivers
L_00000000011b3750 .part L_00000000011b28f0, 0, 2;
L_00000000011b1e50 .part L_00000000011b28f0, 0, 2;
L_00000000011b31b0 .part L_00000000011b28f0, 2, 1;
S_000000000110afe0 .scope module, "m1" "mux_4" 3 36, 3 17 0, S_000000000110ae50;
 .timescale 0 0;
    .port_info 0 /INPUT 1 "A";
    .port_info 1 /INPUT 1 "B";
    .port_info 2 /INPUT 1 "C";
    .port_info 3 /INPUT 1 "D";
    .port_info 4 /INPUT 2 "S";
    .port_info 5 /OUTPUT 1 "Y";
v00000000011a41c0_0 .net "A", 0 0, L_00000000011c0088;  alias, 1 drivers
v00000000011a3e00_0 .net "B", 0 0, L_00000000011c00d0;  alias, 1 drivers
v00000000011a5160_0 .net "C", 0 0, L_00000000011c00d0;  alias, 1 drivers
v00000000011a5a20_0 .net "D", 0 0, L_00000000011c0088;  alias, 1 drivers
v00000000011a5200_0 .net "S", 1 0, L_00000000011b3750;  1 drivers
v00000000011a52a0_0 .net "Y", 0 0, L_00000000011b2cb0;  alias, 1 drivers
v00000000011a5340_0 .net "Y1", 0 0, L_00000000011b1d10;  1 drivers
v00000000011a53e0_0 .net "Y2", 0 0, L_00000000011b20d0;  1 drivers
L_00000000011b3610 .part L_00000000011b3750, 0, 1;
L_00000000011b2e90 .part L_00000000011b3750, 0, 1;
L_00000000011b2f30 .part L_00000000011b3750, 1, 1;
S_0000000001109730 .scope module, "m1" "mux_2" 3 23, 3 10 0, S_000000000110afe0;
 .timescale 0 0;
    .port_info 0 /INPUT 1 "A";
    .port_info 1 /INPUT 1 "B";
    .port_info 2 /INPUT 1 "C";
    .port_info 3 /OUTPUT 1 "Y";
v00000000011a3d60_0 .net "A", 0 0, L_00000000011b3610;  1 drivers
v00000000011a4120_0 .net "B", 0 0, L_00000000011c0088;  alias, 1 drivers
v00000000011a4c60_0 .net "C", 0 0, L_00000000011c00d0;  alias, 1 drivers
v00000000011a5020_0 .net "Y", 0 0, L_00000000011b1d10;  alias, 1 drivers
L_00000000011b1d10 .functor MUXZ 1, L_00000000011c0088, L_00000000011c00d0, L_00000000011b3610, C4<>;
S_00000000011098c0 .scope module, "m2" "mux_2" 3 24, 3 10 0, S_000000000110afe0;
 .timescale 0 0;
    .port_info 0 /INPUT 1 "A";
    .port_info 1 /INPUT 1 "B";
    .port_info 2 /INPUT 1 "C";
    .port_info 3 /OUTPUT 1 "Y";
v00000000011a57a0_0 .net "A", 0 0, L_00000000011b2e90;  1 drivers
v00000000011a4bc0_0 .net "B", 0 0, L_00000000011c00d0;  alias, 1 drivers
v00000000011a3fe0_0 .net "C", 0 0, L_00000000011c0088;  alias, 1 drivers
v00000000011a4f80_0 .net "Y", 0 0, L_00000000011b20d0;  alias, 1 drivers
L_00000000011b20d0 .functor MUXZ 1, L_00000000011c00d0, L_00000000011c0088, L_00000000011b2e90, C4<>;
S_0000000001107940 .scope module, "m3" "mux_2" 3 25, 3 10 0, S_000000000110afe0;
 .timescale 0 0;
    .port_info 0 /INPUT 1 "A";
    .port_info 1 /INPUT 1 "B";
    .port_info 2 /INPUT 1 "C";
    .port_info 3 /OUTPUT 1 "Y";
v00000000011a4d00_0 .net "A", 0 0, L_00000000011b2f30;  1 drivers
v00000000011a55c0_0 .net "B", 0 0, L_00000000011b1d10;  alias, 1 drivers
v00000000011a4e40_0 .net "C", 0 0, L_00000000011b20d0;  alias, 1 drivers
v00000000011a50c0_0 .net "Y", 0 0, L_00000000011b2cb0;  alias, 1 drivers
L_00000000011b2cb0 .functor MUXZ 1, L_00000000011b1d10, L_00000000011b20d0, L_00000000011b2f30, C4<>;
S_0000000001107ad0 .scope module, "m2" "mux_4" 3 37, 3 17 0, S_000000000110ae50;
 .timescale 0 0;
    .port_info 0 /INPUT 1 "A";
    .port_info 1 /INPUT 1 "B";
    .port_info 2 /INPUT 1 "C";
    .port_info 3 /INPUT 1 "D";
    .port_info 4 /INPUT 2 "S";
    .port_info 5 /OUTPUT 1 "Y";
v00000000011a9110_0 .net "A", 0 0, L_00000000011c00d0;  alias, 1 drivers
v00000000011a7450_0 .net "B", 0 0, L_00000000011c0088;  alias, 1 drivers
v00000000011a80d0_0 .net "C", 0 0, L_00000000011c0088;  alias, 1 drivers
v00000000011a8f30_0 .net "D", 0 0, L_00000000011c00d0;  alias, 1 drivers
v00000000011a8670_0 .net "S", 1 0, L_00000000011b1e50;  1 drivers
v00000000011a7db0_0 .net "Y", 0 0, L_00000000011b3110;  alias, 1 drivers
v00000000011a8e90_0 .net "Y1", 0 0, L_00000000011b18b0;  1 drivers
v00000000011a8cb0_0 .net "Y2", 0 0, L_00000000011b2fd0;  1 drivers
L_00000000011b22b0 .part L_00000000011b1e50, 0, 1;
L_00000000011b1950 .part L_00000000011b1e50, 0, 1;
L_00000000011b2350 .part L_00000000011b1e50, 1, 1;
S_0000000001104cf0 .scope module, "m1" "mux_2" 3 23, 3 10 0, S_0000000001107ad0;
 .timescale 0 0;
    .port_info 0 /INPUT 1 "A";
    .port_info 1 /INPUT 1 "B";
    .port_info 2 /INPUT 1 "C";
    .port_info 3 /OUTPUT 1 "Y";
v00000000011a4300_0 .net "A", 0 0, L_00000000011b22b0;  1 drivers
v00000000011a3ea0_0 .net "B", 0 0, L_00000000011c00d0;  alias, 1 drivers
v00000000011a5520_0 .net "C", 0 0, L_00000000011c0088;  alias, 1 drivers
v00000000011a5ac0_0 .net "Y", 0 0, L_00000000011b18b0;  alias, 1 drivers
L_00000000011b18b0 .functor MUXZ 1, L_00000000011c00d0, L_00000000011c0088, L_00000000011b22b0, C4<>;
S_0000000001104e80 .scope module, "m2" "mux_2" 3 24, 3 10 0, S_0000000001107ad0;
 .timescale 0 0;
    .port_info 0 /INPUT 1 "A";
    .port_info 1 /INPUT 1 "B";
    .port_info 2 /INPUT 1 "C";
    .port_info 3 /OUTPUT 1 "Y";
v00000000011a5660_0 .net "A", 0 0, L_00000000011b1950;  1 drivers
v00000000011a5700_0 .net "B", 0 0, L_00000000011c0088;  alias, 1 drivers
v00000000011a4260_0 .net "C", 0 0, L_00000000011c00d0;  alias, 1 drivers
v00000000011a44e0_0 .net "Y", 0 0, L_00000000011b2fd0;  alias, 1 drivers
L_00000000011b2fd0 .functor MUXZ 1, L_00000000011c0088, L_00000000011c00d0, L_00000000011b1950, C4<>;
S_00000000011a65d0 .scope module, "m3" "mux_2" 3 25, 3 10 0, S_0000000001107ad0;
 .timescale 0 0;
    .port_info 0 /INPUT 1 "A";
    .port_info 1 /INPUT 1 "B";
    .port_info 2 /INPUT 1 "C";
    .port_info 3 /OUTPUT 1 "Y";
v00000000011a92f0_0 .net "A", 0 0, L_00000000011b2350;  1 drivers
v00000000011a7770_0 .net "B", 0 0, L_00000000011b18b0;  alias, 1 drivers
v00000000011a8850_0 .net "C", 0 0, L_00000000011b2fd0;  alias, 1 drivers
v00000000011a85d0_0 .net "Y", 0 0, L_00000000011b3110;  alias, 1 drivers
L_00000000011b3110 .functor MUXZ 1, L_00000000011b18b0, L_00000000011b2fd0, L_00000000011b2350, C4<>;
S_00000000011a6c10 .scope module, "m3" "mux_2" 3 38, 3 10 0, S_000000000110ae50;
 .timescale 0 0;
    .port_info 0 /INPUT 1 "A";
    .port_info 1 /INPUT 1 "B";
    .port_info 2 /INPUT 1 "C";
    .port_info 3 /OUTPUT 1 "Y";
v00000000011a91b0_0 .net "A", 0 0, L_00000000011b31b0;  1 drivers
v00000000011a8350_0 .net "B", 0 0, L_00000000011b2cb0;  alias, 1 drivers
v00000000011a8fd0_0 .net "C", 0 0, L_00000000011b3110;  alias, 1 drivers
v00000000011a8710_0 .net "Y", 0 0, L_00000000011b19f0;  alias, 1 drivers
L_00000000011b19f0 .functor MUXZ 1, L_00000000011b2cb0, L_00000000011b3110, L_00000000011b31b0, C4<>;
S_00000000011a7250 .scope module, "T011" "tabla_2_2" 2 28, 3 85 0, S_000000000114f780;
 .timescale 0 0;
    .port_info 0 /INPUT 1 "A";
    .port_info 1 /INPUT 1 "B";
    .port_info 2 /INPUT 1 "C";
    .port_info 3 /OUTPUT 1 "Y";
L_00000000011a6330 .functor OR 1, v00000000011b0ed0_0, v00000000011b0f70_0, C4<0>, C4<0>;
L_00000000011a5f40 .functor NOT 1, L_00000000011a6330, C4<0>, C4<0>, C4<0>;
L_00000000011a6250 .functor XOR 1, v00000000011b0ed0_0, v00000000011b0f70_0, C4<0>, C4<0>;
v00000000011a8210_0 .net "A", 0 0, v00000000011b0d90_0;  alias, 1 drivers
v00000000011a8df0_0 .net "B", 0 0, v00000000011b0ed0_0;  alias, 1 drivers
v00000000011a7d10_0 .net "C", 0 0, v00000000011b0f70_0;  alias, 1 drivers
v00000000011a7a90_0 .net "Y", 0 0, L_00000000011b3250;  alias, 1 drivers
v00000000011a7b30_0 .net "Y1", 0 0, L_00000000011a5f40;  1 drivers
v00000000011a8990_0 .net "Y2", 0 0, L_00000000011a6250;  1 drivers
v00000000011a9070_0 .net *"_s0", 0 0, L_00000000011a6330;  1 drivers
S_00000000011a6760 .scope module, "T" "mux_2" 3 93, 3 10 0, S_00000000011a7250;
 .timescale 0 0;
    .port_info 0 /INPUT 1 "A";
    .port_info 1 /INPUT 1 "B";
    .port_info 2 /INPUT 1 "C";
    .port_info 3 /OUTPUT 1 "Y";
v00000000011a7ef0_0 .net "A", 0 0, v00000000011b0d90_0;  alias, 1 drivers
v00000000011a83f0_0 .net "B", 0 0, L_00000000011a5f40;  alias, 1 drivers
v00000000011a8030_0 .net "C", 0 0, L_00000000011a6250;  alias, 1 drivers
v00000000011a8b70_0 .net "Y", 0 0, L_00000000011b3250;  alias, 1 drivers
L_00000000011b3250 .functor MUXZ 1, L_00000000011a5f40, L_00000000011a6250, v00000000011b0d90_0, C4<>;
S_00000000011a6f30 .scope module, "T100" "tabla_2_4" 2 29, 3 98 0, S_000000000114f780;
 .timescale 0 0;
    .port_info 0 /INPUT 1 "GRND";
    .port_info 1 /INPUT 1 "A";
    .port_info 2 /INPUT 1 "B";
    .port_info 3 /INPUT 1 "C";
    .port_info 4 /OUTPUT 1 "Y";
L_00000000011b3b60 .functor NOT 1, v00000000011b0f70_0, C4<0>, C4<0>, C4<0>;
L_00000000011b43b0 .functor BUFZ 1, v00000000011b0ed0_0, C4<0>, C4<0>, C4<0>;
L_00000000011b4030 .functor BUFZ 1, v00000000011b0d90_0, C4<0>, C4<0>, C4<0>;
v00000000011ac2d0_0 .net "A", 0 0, v00000000011b0d90_0;  alias, 1 drivers
v00000000011ad310_0 .net "B", 0 0, v00000000011b0ed0_0;  alias, 1 drivers
v00000000011aba10_0 .net "C", 0 0, v00000000011b0f70_0;  alias, 1 drivers
v00000000011ab830_0 .net "GRND", 0 0, L_00000000011c0088;  alias, 1 drivers
v00000000011ac690_0 .net "Y", 0 0, L_00000000011b1ef0;  alias, 1 drivers
v00000000011ab510_0 .net "Y1", 0 0, L_00000000011b3b60;  1 drivers
v00000000011acc30_0 .net "Y2", 1 0, L_00000000011b32f0;  1 drivers
v00000000011ace10_0 .net *"_s10", 0 0, L_00000000011b4030;  1 drivers
v00000000011acf50_0 .net *"_s5", 0 0, L_00000000011b43b0;  1 drivers
L_00000000011b32f0 .concat8 [ 1 1 0 0], L_00000000011b43b0, L_00000000011b4030;
S_00000000011a68f0 .scope module, "T" "mux_4" 3 108, 3 17 0, S_00000000011a6f30;
 .timescale 0 0;
    .port_info 0 /INPUT 1 "A";
    .port_info 1 /INPUT 1 "B";
    .port_info 2 /INPUT 1 "C";
    .port_info 3 /INPUT 1 "D";
    .port_info 4 /INPUT 2 "S";
    .port_info 5 /OUTPUT 1 "Y";
v00000000011abfb0_0 .net "A", 0 0, L_00000000011b3b60;  alias, 1 drivers
v00000000011ac0f0_0 .net "B", 0 0, L_00000000011c0088;  alias, 1 drivers
v00000000011ab6f0_0 .net "C", 0 0, v00000000011b0f70_0;  alias, 1 drivers
v00000000011ab790_0 .net "D", 0 0, L_00000000011b3b60;  alias, 1 drivers
v00000000011abbf0_0 .net "S", 1 0, L_00000000011b32f0;  alias, 1 drivers
v00000000011ac370_0 .net "Y", 0 0, L_00000000011b1ef0;  alias, 1 drivers
v00000000011abf10_0 .net "Y1", 0 0, L_00000000011b3570;  1 drivers
v00000000011accd0_0 .net "Y2", 0 0, L_00000000011b3390;  1 drivers
L_00000000011b1f90 .part L_00000000011b32f0, 0, 1;
L_00000000011b3430 .part L_00000000011b32f0, 0, 1;
L_00000000011b34d0 .part L_00000000011b32f0, 1, 1;
S_00000000011a6da0 .scope module, "m1" "mux_2" 3 23, 3 10 0, S_00000000011a68f0;
 .timescale 0 0;
    .port_info 0 /INPUT 1 "A";
    .port_info 1 /INPUT 1 "B";
    .port_info 2 /INPUT 1 "C";
    .port_info 3 /OUTPUT 1 "Y";
v00000000011a82b0_0 .net "A", 0 0, L_00000000011b1f90;  1 drivers
v00000000011ab8d0_0 .net "B", 0 0, L_00000000011b3b60;  alias, 1 drivers
v00000000011acb90_0 .net "C", 0 0, L_00000000011c0088;  alias, 1 drivers
v00000000011ab970_0 .net "Y", 0 0, L_00000000011b3570;  alias, 1 drivers
L_00000000011b3570 .functor MUXZ 1, L_00000000011b3b60, L_00000000011c0088, L_00000000011b1f90, C4<>;
S_00000000011a6a80 .scope module, "m2" "mux_2" 3 24, 3 10 0, S_00000000011a68f0;
 .timescale 0 0;
    .port_info 0 /INPUT 1 "A";
    .port_info 1 /INPUT 1 "B";
    .port_info 2 /INPUT 1 "C";
    .port_info 3 /OUTPUT 1 "Y";
v00000000011ab470_0 .net "A", 0 0, L_00000000011b3430;  1 drivers
v00000000011abe70_0 .net "B", 0 0, v00000000011b0f70_0;  alias, 1 drivers
v00000000011ac050_0 .net "C", 0 0, L_00000000011b3b60;  alias, 1 drivers
v00000000011abb50_0 .net "Y", 0 0, L_00000000011b3390;  alias, 1 drivers
L_00000000011b3390 .functor MUXZ 1, v00000000011b0f70_0, L_00000000011b3b60, L_00000000011b3430, C4<>;
S_00000000011a70c0 .scope module, "m3" "mux_2" 3 25, 3 10 0, S_00000000011a68f0;
 .timescale 0 0;
    .port_info 0 /INPUT 1 "A";
    .port_info 1 /INPUT 1 "B";
    .port_info 2 /INPUT 1 "C";
    .port_info 3 /OUTPUT 1 "Y";
v00000000011acd70_0 .net "A", 0 0, L_00000000011b34d0;  1 drivers
v00000000011abdd0_0 .net "B", 0 0, L_00000000011b3570;  alias, 1 drivers
v00000000011aca50_0 .net "C", 0 0, L_00000000011b3390;  alias, 1 drivers
v00000000011acaf0_0 .net "Y", 0 0, L_00000000011b1ef0;  alias, 1 drivers
L_00000000011b1ef0 .functor MUXZ 1, L_00000000011b3570, L_00000000011b3390, L_00000000011b34d0, C4<>;
S_00000000011a6440 .scope module, "T101" "tabla_2_8" 2 30, 3 113 0, S_000000000114f780;
 .timescale 0 0;
    .port_info 0 /INPUT 1 "GRND";
    .port_info 1 /INPUT 1 "VCC";
    .port_info 2 /INPUT 1 "A";
    .port_info 3 /INPUT 1 "B";
    .port_info 4 /INPUT 1 "C";
    .port_info 5 /OUTPUT 1 "Y";
L_00000000011b4180 .functor BUFZ 1, v00000000011b0f70_0, C4<0>, C4<0>, C4<0>;
L_00000000011b3bd0 .functor BUFZ 1, v00000000011b0ed0_0, C4<0>, C4<0>, C4<0>;
L_00000000011b4110 .functor BUFZ 1, v00000000011b0d90_0, C4<0>, C4<0>, C4<0>;
v00000000011b07f0_0 .net "A", 0 0, v00000000011b0d90_0;  alias, 1 drivers
v00000000011afd50_0 .net "B", 0 0, v00000000011b0ed0_0;  alias, 1 drivers
v00000000011b0a70_0 .net "C", 0 0, v00000000011b0f70_0;  alias, 1 drivers
v00000000011b0430_0 .net "GRND", 0 0, L_00000000011c0088;  alias, 1 drivers
v00000000011af490_0 .net "VCC", 0 0, L_00000000011c00d0;  alias, 1 drivers
v00000000011afcb0_0 .net "Y", 0 0, L_00000000011b7880;  alias, 1 drivers
v00000000011b0890_0 .net "Y1", 2 0, L_00000000011b36b0;  1 drivers
v00000000011b0bb0_0 .net *"_s12", 0 0, L_00000000011b4110;  1 drivers
v00000000011b0c50_0 .net *"_s3", 0 0, L_00000000011b4180;  1 drivers
v00000000011b0cf0_0 .net *"_s7", 0 0, L_00000000011b3bd0;  1 drivers
L_00000000011b36b0 .concat8 [ 1 1 1 0], L_00000000011b4180, L_00000000011b3bd0, L_00000000011b4110;
S_00000000011aed80 .scope module, "T" "mux_8" 3 122, 3 30 0, S_00000000011a6440;
 .timescale 0 0;
    .port_info 0 /INPUT 1 "A";
    .port_info 1 /INPUT 1 "B";
    .port_info 2 /INPUT 1 "C";
    .port_info 3 /INPUT 1 "D";
    .port_info 4 /INPUT 1 "E";
    .port_info 5 /INPUT 1 "F";
    .port_info 6 /INPUT 1 "G";
    .port_info 7 /INPUT 1 "H";
    .port_info 8 /INPUT 3 "S";
    .port_info 9 /OUTPUT 1 "Y";
v00000000011b0e30_0 .net "A", 0 0, L_00000000011c00d0;  alias, 1 drivers
v00000000011b0250_0 .net "B", 0 0, L_00000000011c0088;  alias, 1 drivers
v00000000011b1010_0 .net "C", 0 0, L_00000000011c0088;  alias, 1 drivers
v00000000011aff30_0 .net "D", 0 0, L_00000000011c0088;  alias, 1 drivers
v00000000011b09d0_0 .net "E", 0 0, L_00000000011c0088;  alias, 1 drivers
v00000000011b0390_0 .net "F", 0 0, L_00000000011c00d0;  alias, 1 drivers
v00000000011b0750_0 .net "G", 0 0, L_00000000011c00d0;  alias, 1 drivers
v00000000011b1290_0 .net "H", 0 0, L_00000000011c0088;  alias, 1 drivers
v00000000011afad0_0 .net "S", 2 0, L_00000000011b36b0;  alias, 1 drivers
v00000000011afb70_0 .net "Y", 0 0, L_00000000011b7880;  alias, 1 drivers
v00000000011afc10_0 .net "Y1", 0 0, L_00000000011b2030;  1 drivers
v00000000011b01b0_0 .net "Y2", 0 0, L_00000000011b7060;  1 drivers
L_00000000011b2530 .part L_00000000011b36b0, 0, 2;
L_00000000011b7100 .part L_00000000011b36b0, 0, 2;
L_00000000011b71a0 .part L_00000000011b36b0, 2, 1;
S_00000000011ae100 .scope module, "m1" "mux_4" 3 36, 3 17 0, S_00000000011aed80;
 .timescale 0 0;
    .port_info 0 /INPUT 1 "A";
    .port_info 1 /INPUT 1 "B";
    .port_info 2 /INPUT 1 "C";
    .port_info 3 /INPUT 1 "D";
    .port_info 4 /INPUT 2 "S";
    .port_info 5 /OUTPUT 1 "Y";
v00000000011ac730_0 .net "A", 0 0, L_00000000011c00d0;  alias, 1 drivers
v00000000011ac410_0 .net "B", 0 0, L_00000000011c0088;  alias, 1 drivers
v00000000011ac4b0_0 .net "C", 0 0, L_00000000011c0088;  alias, 1 drivers
v00000000011ac550_0 .net "D", 0 0, L_00000000011c0088;  alias, 1 drivers
v00000000011ad270_0 .net "S", 1 0, L_00000000011b2530;  1 drivers
v00000000011ac5f0_0 .net "Y", 0 0, L_00000000011b2030;  alias, 1 drivers
v00000000011ac7d0_0 .net "Y1", 0 0, L_00000000011b23f0;  1 drivers
v00000000011ac870_0 .net "Y2", 0 0, L_00000000011b1bd0;  1 drivers
L_00000000011b1b30 .part L_00000000011b2530, 0, 1;
L_00000000011b1c70 .part L_00000000011b2530, 0, 1;
L_00000000011b2490 .part L_00000000011b2530, 1, 1;
S_00000000011ae740 .scope module, "m1" "mux_2" 3 23, 3 10 0, S_00000000011ae100;
 .timescale 0 0;
    .port_info 0 /INPUT 1 "A";
    .port_info 1 /INPUT 1 "B";
    .port_info 2 /INPUT 1 "C";
    .port_info 3 /OUTPUT 1 "Y";
v00000000011aceb0_0 .net "A", 0 0, L_00000000011b1b30;  1 drivers
v00000000011acff0_0 .net "B", 0 0, L_00000000011c00d0;  alias, 1 drivers
v00000000011ac190_0 .net "C", 0 0, L_00000000011c0088;  alias, 1 drivers
v00000000011ac230_0 .net "Y", 0 0, L_00000000011b23f0;  alias, 1 drivers
L_00000000011b23f0 .functor MUXZ 1, L_00000000011c00d0, L_00000000011c0088, L_00000000011b1b30, C4<>;
S_00000000011ad480 .scope module, "m2" "mux_2" 3 24, 3 10 0, S_00000000011ae100;
 .timescale 0 0;
    .port_info 0 /INPUT 1 "A";
    .port_info 1 /INPUT 1 "B";
    .port_info 2 /INPUT 1 "C";
    .port_info 3 /OUTPUT 1 "Y";
v00000000011ab5b0_0 .net "A", 0 0, L_00000000011b1c70;  1 drivers
v00000000011ad090_0 .net "B", 0 0, L_00000000011c0088;  alias, 1 drivers
v00000000011abab0_0 .net "C", 0 0, L_00000000011c0088;  alias, 1 drivers
v00000000011ab650_0 .net "Y", 0 0, L_00000000011b1bd0;  alias, 1 drivers
L_00000000011b1bd0 .functor MUXZ 1, L_00000000011c0088, L_00000000011c0088, L_00000000011b1c70, C4<>;
S_00000000011ae420 .scope module, "m3" "mux_2" 3 25, 3 10 0, S_00000000011ae100;
 .timescale 0 0;
    .port_info 0 /INPUT 1 "A";
    .port_info 1 /INPUT 1 "B";
    .port_info 2 /INPUT 1 "C";
    .port_info 3 /OUTPUT 1 "Y";
v00000000011ad130_0 .net "A", 0 0, L_00000000011b2490;  1 drivers
v00000000011abc90_0 .net "B", 0 0, L_00000000011b23f0;  alias, 1 drivers
v00000000011abd30_0 .net "C", 0 0, L_00000000011b1bd0;  alias, 1 drivers
v00000000011ad1d0_0 .net "Y", 0 0, L_00000000011b2030;  alias, 1 drivers
L_00000000011b2030 .functor MUXZ 1, L_00000000011b23f0, L_00000000011b1bd0, L_00000000011b2490, C4<>;
S_00000000011af0a0 .scope module, "m2" "mux_4" 3 37, 3 17 0, S_00000000011aed80;
 .timescale 0 0;
    .port_info 0 /INPUT 1 "A";
    .port_info 1 /INPUT 1 "B";
    .port_info 2 /INPUT 1 "C";
    .port_info 3 /INPUT 1 "D";
    .port_info 4 /INPUT 2 "S";
    .port_info 5 /OUTPUT 1 "Y";
v00000000011b0570_0 .net "A", 0 0, L_00000000011c0088;  alias, 1 drivers
v00000000011b11f0_0 .net "B", 0 0, L_00000000011c00d0;  alias, 1 drivers
v00000000011b0070_0 .net "C", 0 0, L_00000000011c00d0;  alias, 1 drivers
v00000000011af710_0 .net "D", 0 0, L_00000000011c0088;  alias, 1 drivers
v00000000011b1330_0 .net "S", 1 0, L_00000000011b7100;  1 drivers
v00000000011af850_0 .net "Y", 0 0, L_00000000011b7060;  alias, 1 drivers
v00000000011b02f0_0 .net "Y1", 0 0, L_00000000011b2670;  1 drivers
v00000000011afdf0_0 .net "Y2", 0 0, L_00000000011b2850;  1 drivers
L_00000000011b2710 .part L_00000000011b7100, 0, 1;
L_00000000011b2990 .part L_00000000011b7100, 0, 1;
L_00000000011b6b60 .part L_00000000011b7100, 1, 1;
S_00000000011ae5b0 .scope module, "m1" "mux_2" 3 23, 3 10 0, S_00000000011af0a0;
 .timescale 0 0;
    .port_info 0 /INPUT 1 "A";
    .port_info 1 /INPUT 1 "B";
    .port_info 2 /INPUT 1 "C";
    .port_info 3 /OUTPUT 1 "Y";
v00000000011ac910_0 .net "A", 0 0, L_00000000011b2710;  1 drivers
v00000000011ac9b0_0 .net "B", 0 0, L_00000000011c0088;  alias, 1 drivers
v00000000011b1150_0 .net "C", 0 0, L_00000000011c00d0;  alias, 1 drivers
v00000000011af8f0_0 .net "Y", 0 0, L_00000000011b2670;  alias, 1 drivers
L_00000000011b2670 .functor MUXZ 1, L_00000000011c0088, L_00000000011c00d0, L_00000000011b2710, C4<>;
S_00000000011adde0 .scope module, "m2" "mux_2" 3 24, 3 10 0, S_00000000011af0a0;
 .timescale 0 0;
    .port_info 0 /INPUT 1 "A";
    .port_info 1 /INPUT 1 "B";
    .port_info 2 /INPUT 1 "C";
    .port_info 3 /OUTPUT 1 "Y";
v00000000011af5d0_0 .net "A", 0 0, L_00000000011b2990;  1 drivers
v00000000011af7b0_0 .net "B", 0 0, L_00000000011c00d0;  alias, 1 drivers
v00000000011affd0_0 .net "C", 0 0, L_00000000011c0088;  alias, 1 drivers
v00000000011af670_0 .net "Y", 0 0, L_00000000011b2850;  alias, 1 drivers
L_00000000011b2850 .functor MUXZ 1, L_00000000011c00d0, L_00000000011c0088, L_00000000011b2990, C4<>;
S_00000000011adc50 .scope module, "m3" "mux_2" 3 25, 3 10 0, S_00000000011af0a0;
 .timescale 0 0;
    .port_info 0 /INPUT 1 "A";
    .port_info 1 /INPUT 1 "B";
    .port_info 2 /INPUT 1 "C";
    .port_info 3 /OUTPUT 1 "Y";
v00000000011b0610_0 .net "A", 0 0, L_00000000011b6b60;  1 drivers
v00000000011b0b10_0 .net "B", 0 0, L_00000000011b2670;  alias, 1 drivers
v00000000011b10b0_0 .net "C", 0 0, L_00000000011b2850;  alias, 1 drivers
v00000000011afa30_0 .net "Y", 0 0, L_00000000011b7060;  alias, 1 drivers
L_00000000011b7060 .functor MUXZ 1, L_00000000011b2670, L_00000000011b2850, L_00000000011b6b60, C4<>;
S_00000000011ad930 .scope module, "m3" "mux_2" 3 38, 3 10 0, S_00000000011aed80;
 .timescale 0 0;
    .port_info 0 /INPUT 1 "A";
    .port_info 1 /INPUT 1 "B";
    .port_info 2 /INPUT 1 "C";
    .port_info 3 /OUTPUT 1 "Y";
v00000000011afe90_0 .net "A", 0 0, L_00000000011b71a0;  1 drivers
v00000000011b06b0_0 .net "B", 0 0, L_00000000011b2030;  alias, 1 drivers
v00000000011af990_0 .net "C", 0 0, L_00000000011b7060;  alias, 1 drivers
v00000000011b0930_0 .net "Y", 0 0, L_00000000011b7880;  alias, 1 drivers
L_00000000011b7880 .functor MUXZ 1, L_00000000011b2030, L_00000000011b7060, L_00000000011b71a0, C4<>;
    .scope S_000000000114f780;
T_0 ;
    %delay 1, 0;
    %vpi_call 2 35 "$display", "Tabla 1: usando mux 2:1 | usando mux 4:1 | usando mux 8:1" {0 0 0};
    %vpi_call 2 36 "$display", "A B C | Y1 Y2 Y3" {0 0 0};
    %vpi_call 2 37 "$display", "------|---------" {0 0 0};
    %vpi_call 2 38 "$monitor", "%b %b %b | %b  %b  %b", v00000000011b0d90_0, v00000000011b0ed0_0, v00000000011b0f70_0, v00000000011b04d0_0, v00000000011b2d50_0, v00000000011b2170_0 {0 0 0};
    %pushi/vec4 0, 0, 1;
    %store/vec4 v00000000011b0d90_0, 0, 1;
    %pushi/vec4 0, 0, 1;
    %store/vec4 v00000000011b0ed0_0, 0, 1;
    %pushi/vec4 0, 0, 1;
    %store/vec4 v00000000011b0f70_0, 0, 1;
    %delay 1, 0;
    %pushi/vec4 0, 0, 1;
    %store/vec4 v00000000011b0d90_0, 0, 1;
    %pushi/vec4 0, 0, 1;
    %store/vec4 v00000000011b0ed0_0, 0, 1;
    %pushi/vec4 1, 0, 1;
    %store/vec4 v00000000011b0f70_0, 0, 1;
    %delay 1, 0;
    %pushi/vec4 0, 0, 1;
    %store/vec4 v00000000011b0d90_0, 0, 1;
    %pushi/vec4 1, 0, 1;
    %store/vec4 v00000000011b0ed0_0, 0, 1;
    %pushi/vec4 0, 0, 1;
    %store/vec4 v00000000011b0f70_0, 0, 1;
    %delay 1, 0;
    %pushi/vec4 0, 0, 1;
    %store/vec4 v00000000011b0d90_0, 0, 1;
    %pushi/vec4 1, 0, 1;
    %store/vec4 v00000000011b0ed0_0, 0, 1;
    %pushi/vec4 1, 0, 1;
    %store/vec4 v00000000011b0f70_0, 0, 1;
    %delay 1, 0;
    %pushi/vec4 1, 0, 1;
    %store/vec4 v00000000011b0d90_0, 0, 1;
    %pushi/vec4 0, 0, 1;
    %store/vec4 v00000000011b0ed0_0, 0, 1;
    %pushi/vec4 0, 0, 1;
    %store/vec4 v00000000011b0f70_0, 0, 1;
    %delay 1, 0;
    %pushi/vec4 1, 0, 1;
    %store/vec4 v00000000011b0d90_0, 0, 1;
    %pushi/vec4 0, 0, 1;
    %store/vec4 v00000000011b0ed0_0, 0, 1;
    %pushi/vec4 1, 0, 1;
    %store/vec4 v00000000011b0f70_0, 0, 1;
    %delay 1, 0;
    %pushi/vec4 1, 0, 1;
    %store/vec4 v00000000011b0d90_0, 0, 1;
    %pushi/vec4 1, 0, 1;
    %store/vec4 v00000000011b0ed0_0, 0, 1;
    %pushi/vec4 0, 0, 1;
    %store/vec4 v00000000011b0f70_0, 0, 1;
    %delay 1, 0;
    %pushi/vec4 1, 0, 1;
    %store/vec4 v00000000011b0d90_0, 0, 1;
    %pushi/vec4 1, 0, 1;
    %store/vec4 v00000000011b0ed0_0, 0, 1;
    %pushi/vec4 1, 0, 1;
    %store/vec4 v00000000011b0f70_0, 0, 1;
    %end;
    .thread T_0;
    .scope S_000000000114f780;
T_1 ;
    %delay 10, 0;
    %vpi_call 2 51 "$display", "Tabla 2: usando mux 2:1 | usando mux 4:1 | usando mux 8:1" {0 0 0};
    %vpi_call 2 52 "$display", "A B C | Y1 Y2 Y3" {0 0 0};
    %vpi_call 2 53 "$display", "------|---------" {0 0 0};
    %vpi_call 2 54 "$monitor", "%b %b %b | %b  %b  %b", v00000000011b0d90_0, v00000000011b0ed0_0, v00000000011b0f70_0, v00000000011b2210_0, v00000000011b2ad0_0, v00000000011b3070_0 {0 0 0};
    %pushi/vec4 0, 0, 1;
    %store/vec4 v00000000011b0d90_0, 0, 1;
    %pushi/vec4 0, 0, 1;
    %store/vec4 v00000000011b0ed0_0, 0, 1;
    %pushi/vec4 0, 0, 1;
    %store/vec4 v00000000011b0f70_0, 0, 1;
    %delay 1, 0;
    %pushi/vec4 0, 0, 1;
    %store/vec4 v00000000011b0d90_0, 0, 1;
    %pushi/vec4 0, 0, 1;
    %store/vec4 v00000000011b0ed0_0, 0, 1;
    %pushi/vec4 1, 0, 1;
    %store/vec4 v00000000011b0f70_0, 0, 1;
    %delay 1, 0;
    %pushi/vec4 0, 0, 1;
    %store/vec4 v00000000011b0d90_0, 0, 1;
    %pushi/vec4 1, 0, 1;
    %store/vec4 v00000000011b0ed0_0, 0, 1;
    %pushi/vec4 0, 0, 1;
    %store/vec4 v00000000011b0f70_0, 0, 1;
    %delay 1, 0;
    %pushi/vec4 0, 0, 1;
    %store/vec4 v00000000011b0d90_0, 0, 1;
    %pushi/vec4 1, 0, 1;
    %store/vec4 v00000000011b0ed0_0, 0, 1;
    %pushi/vec4 1, 0, 1;
    %store/vec4 v00000000011b0f70_0, 0, 1;
    %delay 1, 0;
    %pushi/vec4 1, 0, 1;
    %store/vec4 v00000000011b0d90_0, 0, 1;
    %pushi/vec4 0, 0, 1;
    %store/vec4 v00000000011b0ed0_0, 0, 1;
    %pushi/vec4 0, 0, 1;
    %store/vec4 v00000000011b0f70_0, 0, 1;
    %delay 1, 0;
    %pushi/vec4 1, 0, 1;
    %store/vec4 v00000000011b0d90_0, 0, 1;
    %pushi/vec4 0, 0, 1;
    %store/vec4 v00000000011b0ed0_0, 0, 1;
    %pushi/vec4 1, 0, 1;
    %store/vec4 v00000000011b0f70_0, 0, 1;
    %delay 1, 0;
    %pushi/vec4 1, 0, 1;
    %store/vec4 v00000000011b0d90_0, 0, 1;
    %pushi/vec4 1, 0, 1;
    %store/vec4 v00000000011b0ed0_0, 0, 1;
    %pushi/vec4 0, 0, 1;
    %store/vec4 v00000000011b0f70_0, 0, 1;
    %delay 1, 0;
    %pushi/vec4 1, 0, 1;
    %store/vec4 v00000000011b0d90_0, 0, 1;
    %pushi/vec4 1, 0, 1;
    %store/vec4 v00000000011b0ed0_0, 0, 1;
    %pushi/vec4 1, 0, 1;
    %store/vec4 v00000000011b0f70_0, 0, 1;
    %end;
    .thread T_1;
    .scope S_000000000114f780;
T_2 ;
    %delay 19, 0;
    %vpi_call 2 66 "$finish" {0 0 0};
    %end;
    .thread T_2;
    .scope S_000000000114f780;
T_3 ;
    %vpi_call 2 69 "$dumpfile", "Test_Bench_tb.vcd" {0 0 0};
    %vpi_call 2 70 "$dumpvars", 32'sb00000000000000000000000000000000, S_000000000114f780 {0 0 0};
    %end;
    .thread T_3;
# The file index is used to find the file name in the following table.
:file_names 4;
    "N/A";
    "<interactive>";
    "Test_Bench_tb.v";
    "./code.v";
